<?xml version="1.0" encoding="UTF-8"?>
<testsuite xmlns:xsi="http://www.w3.org/2001/XMLSchema-instance" xsi:noNamespaceSchemaLocation="https://maven.apache.org/surefire/maven-surefire-plugin/xsd/surefire-test-report.xsd" version="3.0.2" name="com.javajedis.legalconnect.casemanagement.CaseManagementControllerTest" time="0.053" tests="22" errors="0" skipped="0" failures="0">
  <properties>
    <property name="java.specification.version" value="21"/>
    <property name="sun.jnu.encoding" value="UTF-8"/>
    <property name="java.class.path" value="/home/majed/storage/legal-connect/backend/legalconnect/target/test-classes:/home/majed/storage/legal-connect/backend/legalconnect/target/classes:/home/majed/.m2/repository/org/springframework/boot/spring-boot-starter-data-jpa/3.5.3/spring-boot-starter-data-jpa-3.5.3.jar:/home/majed/.m2/repository/org/springframework/boot/spring-boot-starter/3.5.3/spring-boot-starter-3.5.3.jar:/home/majed/.m2/repository/org/springframework/boot/spring-boot/3.5.3/spring-boot-3.5.3.jar:/home/majed/.m2/repository/org/springframework/boot/spring-boot-autoconfigure/3.5.3/spring-boot-autoconfigure-3.5.3.jar:/home/majed/.m2/repository/org/springframework/boot/spring-boot-starter-logging/3.5.3/spring-boot-starter-logging-3.5.3.jar:/home/majed/.m2/repository/ch/qos/logback/logback-classic/1.5.18/logback-classic-1.5.18.jar:/home/majed/.m2/repository/ch/qos/logback/logback-core/1.5.18/logback-core-1.5.18.jar:/home/majed/.m2/repository/org/apache/logging/log4j/log4j-to-slf4j/2.24.3/log4j-to-slf4j-2.24.3.jar:/home/majed/.m2/repository/org/apache/logging/log4j/log4j-api/2.24.3/log4j-api-2.24.3.jar:/home/majed/.m2/repository/org/slf4j/jul-to-slf4j/2.0.17/jul-to-slf4j-2.0.17.jar:/home/majed/.m2/repository/jakarta/annotation/jakarta.annotation-api/2.1.1/jakarta.annotation-api-2.1.1.jar:/home/majed/.m2/repository/org/yaml/snakeyaml/2.4/snakeyaml-2.4.jar:/home/majed/.m2/repository/org/springframework/boot/spring-boot-starter-jdbc/3.5.3/spring-boot-starter-jdbc-3.5.3.jar:/home/majed/.m2/repository/com/zaxxer/HikariCP/6.3.0/HikariCP-6.3.0.jar:/home/majed/.m2/repository/org/springframework/spring-jdbc/6.2.8/spring-jdbc-6.2.8.jar:/home/majed/.m2/repository/org/hibernate/orm/hibernate-core/6.6.18.Final/hibernate-core-6.6.18.Final.jar:/home/majed/.m2/repository/jakarta/persistence/jakarta.persistence-api/3.1.0/jakarta.persistence-api-3.1.0.jar:/home/majed/.m2/repository/jakarta/transaction/jakarta.transaction-api/2.0.1/jakarta.transaction-api-2.0.1.jar:/home/majed/.m2/repository/org/jboss/logging/jboss-logging/3.6.1.Final/jboss-logging-3.6.1.Final.jar:/home/majed/.m2/repository/org/hibernate/common/hibernate-commons-annotations/7.0.3.Final/hibernate-commons-annotations-7.0.3.Final.jar:/home/majed/.m2/repository/io/smallrye/jandex/3.2.0/jandex-3.2.0.jar:/home/majed/.m2/repository/com/fasterxml/classmate/1.7.0/classmate-1.7.0.jar:/home/majed/.m2/repository/org/glassfish/jaxb/jaxb-runtime/4.0.5/jaxb-runtime-4.0.5.jar:/home/majed/.m2/repository/org/glassfish/jaxb/jaxb-core/4.0.5/jaxb-core-4.0.5.jar:/home/majed/.m2/repository/org/glassfish/jaxb/txw2/4.0.5/txw2-4.0.5.jar:/home/majed/.m2/repository/com/sun/istack/istack-commons-runtime/4.1.2/istack-commons-runtime-4.1.2.jar:/home/majed/.m2/repository/jakarta/inject/jakarta.inject-api/2.0.1/jakarta.inject-api-2.0.1.jar:/home/majed/.m2/repository/org/antlr/antlr4-runtime/4.13.0/antlr4-runtime-4.13.0.jar:/home/majed/.m2/repository/org/springframework/data/spring-data-jpa/3.5.1/spring-data-jpa-3.5.1.jar:/home/majed/.m2/repository/org/springframework/data/spring-data-commons/3.5.1/spring-data-commons-3.5.1.jar:/home/majed/.m2/repository/org/springframework/spring-orm/6.2.8/spring-orm-6.2.8.jar:/home/majed/.m2/repository/org/springframework/spring-context/6.2.8/spring-context-6.2.8.jar:/home/majed/.m2/repository/org/springframework/spring-tx/6.2.8/spring-tx-6.2.8.jar:/home/majed/.m2/repository/org/springframework/spring-beans/6.2.8/spring-beans-6.2.8.jar:/home/majed/.m2/repository/org/slf4j/slf4j-api/2.0.17/slf4j-api-2.0.17.jar:/home/majed/.m2/repository/org/springframework/spring-aspects/6.2.8/spring-aspects-6.2.8.jar:/home/majed/.m2/repository/org/aspectj/aspectjweaver/1.9.24/aspectjweaver-1.9.24.jar:/home/majed/.m2/repository/org/springframework/boot/spring-boot-starter-security/3.5.3/spring-boot-starter-security-3.5.3.jar:/home/majed/.m2/repository/org/springframework/spring-aop/6.2.8/spring-aop-6.2.8.jar:/home/majed/.m2/repository/org/springframework/security/spring-security-config/6.5.1/spring-security-config-6.5.1.jar:/home/majed/.m2/repository/org/springframework/security/spring-security-web/6.5.1/spring-security-web-6.5.1.jar:/home/majed/.m2/repository/org/springframework/spring-expression/6.2.8/spring-expression-6.2.8.jar:/home/majed/.m2/repository/org/springframework/boot/spring-boot-starter-web/3.5.3/spring-boot-starter-web-3.5.3.jar:/home/majed/.m2/repository/org/springframework/boot/spring-boot-starter-json/3.5.3/spring-boot-starter-json-3.5.3.jar:/home/majed/.m2/repository/com/fasterxml/jackson/datatype/jackson-datatype-jdk8/2.19.1/jackson-datatype-jdk8-2.19.1.jar:/home/majed/.m2/repository/com/fasterxml/jackson/datatype/jackson-datatype-jsr310/2.19.1/jackson-datatype-jsr310-2.19.1.jar:/home/majed/.m2/repository/com/fasterxml/jackson/module/jackson-module-parameter-names/2.19.1/jackson-module-parameter-names-2.19.1.jar:/home/majed/.m2/repository/org/springframework/boot/spring-boot-starter-tomcat/3.5.3/spring-boot-starter-tomcat-3.5.3.jar:/home/majed/.m2/repository/org/apache/tomcat/embed/tomcat-embed-core/10.1.42/tomcat-embed-core-10.1.42.jar:/home/majed/.m2/repository/org/apache/tomcat/embed/tomcat-embed-websocket/10.1.42/tomcat-embed-websocket-10.1.42.jar:/home/majed/.m2/repository/org/springframework/spring-web/6.2.8/spring-web-6.2.8.jar:/home/majed/.m2/repository/org/springframework/spring-webmvc/6.2.8/spring-webmvc-6.2.8.jar:/home/majed/.m2/repository/org/postgresql/postgresql/42.7.7/postgresql-42.7.7.jar:/home/majed/.m2/repository/org/checkerframework/checker-qual/3.49.3/checker-qual-3.49.3.jar:/home/majed/.m2/repository/org/springframework/boot/spring-boot-starter-test/3.5.3/spring-boot-starter-test-3.5.3.jar:/home/majed/.m2/repository/org/springframework/boot/spring-boot-test/3.5.3/spring-boot-test-3.5.3.jar:/home/majed/.m2/repository/org/springframework/boot/spring-boot-test-autoconfigure/3.5.3/spring-boot-test-autoconfigure-3.5.3.jar:/home/majed/.m2/repository/com/jayway/jsonpath/json-path/2.9.0/json-path-2.9.0.jar:/home/majed/.m2/repository/jakarta/xml/bind/jakarta.xml.bind-api/4.0.2/jakarta.xml.bind-api-4.0.2.jar:/home/majed/.m2/repository/jakarta/activation/jakarta.activation-api/2.1.3/jakarta.activation-api-2.1.3.jar:/home/majed/.m2/repository/net/minidev/json-smart/2.5.2/json-smart-2.5.2.jar:/home/majed/.m2/repository/net/minidev/accessors-smart/2.5.2/accessors-smart-2.5.2.jar:/home/majed/.m2/repository/org/ow2/asm/asm/9.7.1/asm-9.7.1.jar:/home/majed/.m2/repository/org/assertj/assertj-core/3.27.3/assertj-core-3.27.3.jar:/home/majed/.m2/repository/org/awaitility/awaitility/4.2.2/awaitility-4.2.2.jar:/home/majed/.m2/repository/org/hamcrest/hamcrest/3.0/hamcrest-3.0.jar:/home/majed/.m2/repository/org/junit/jupiter/junit-jupiter/5.13.1/junit-jupiter-5.13.1.jar:/home/majed/.m2/repository/org/junit/jupiter/junit-jupiter-params/5.13.1/junit-jupiter-params-5.13.1.jar:/home/majed/.m2/repository/org/skyscreamer/jsonassert/1.5.3/jsonassert-1.5.3.jar:/home/majed/.m2/repository/com/vaadin/external/google/android-json/0.0.20131108.vaadin1/android-json-0.0.20131108.vaadin1.jar:/home/majed/.m2/repository/org/springframework/spring-core/6.2.8/spring-core-6.2.8.jar:/home/majed/.m2/repository/org/springframework/spring-jcl/6.2.8/spring-jcl-6.2.8.jar:/home/majed/.m2/repository/org/springframework/spring-test/6.2.8/spring-test-6.2.8.jar:/home/majed/.m2/repository/org/xmlunit/xmlunit-core/2.10.2/xmlunit-core-2.10.2.jar:/home/majed/.m2/repository/org/springframework/security/spring-security-test/6.5.1/spring-security-test-6.5.1.jar:/home/majed/.m2/repository/org/springframework/security/spring-security-core/6.5.1/spring-security-core-6.5.1.jar:/home/majed/.m2/repository/org/springframework/security/spring-security-crypto/6.5.1/spring-security-crypto-6.5.1.jar:/home/majed/.m2/repository/org/projectlombok/lombok/1.18.38/lombok-1.18.38.jar:/home/majed/.m2/repository/org/springframework/boot/spring-boot-starter-mail/3.5.3/spring-boot-starter-mail-3.5.3.jar:/home/majed/.m2/repository/org/springframework/spring-context-support/6.2.8/spring-context-support-6.2.8.jar:/home/majed/.m2/repository/org/eclipse/angus/jakarta.mail/2.0.3/jakarta.mail-2.0.3.jar:/home/majed/.m2/repository/org/eclipse/angus/angus-activation/2.0.2/angus-activation-2.0.2.jar:/home/majed/.m2/repository/org/springframework/boot/spring-boot-starter-thymeleaf/3.5.3/spring-boot-starter-thymeleaf-3.5.3.jar:/home/majed/.m2/repository/org/thymeleaf/thymeleaf-spring6/3.1.3.RELEASE/thymeleaf-spring6-3.1.3.RELEASE.jar:/home/majed/.m2/repository/org/thymeleaf/thymeleaf/3.1.3.RELEASE/thymeleaf-3.1.3.RELEASE.jar:/home/majed/.m2/repository/org/attoparser/attoparser/2.0.7.RELEASE/attoparser-2.0.7.RELEASE.jar:/home/majed/.m2/repository/org/unbescape/unbescape/1.1.6.RELEASE/unbescape-1.1.6.RELEASE.jar:/home/majed/.m2/repository/org/springframework/boot/spring-boot-starter-data-redis/3.5.3/spring-boot-starter-data-redis-3.5.3.jar:/home/majed/.m2/repository/io/lettuce/lettuce-core/6.6.0.RELEASE/lettuce-core-6.6.0.RELEASE.jar:/home/majed/.m2/repository/redis/clients/authentication/redis-authx-core/0.1.1-beta2/redis-authx-core-0.1.1-beta2.jar:/home/majed/.m2/repository/io/netty/netty-common/4.1.122.Final/netty-common-4.1.122.Final.jar:/home/majed/.m2/repository/io/netty/netty-handler/4.1.122.Final/netty-handler-4.1.122.Final.jar:/home/majed/.m2/repository/io/netty/netty-resolver/4.1.122.Final/netty-resolver-4.1.122.Final.jar:/home/majed/.m2/repository/io/netty/netty-buffer/4.1.122.Final/netty-buffer-4.1.122.Final.jar:/home/majed/.m2/repository/io/netty/netty-transport-native-unix-common/4.1.122.Final/netty-transport-native-unix-common-4.1.122.Final.jar:/home/majed/.m2/repository/io/netty/netty-codec/4.1.122.Final/netty-codec-4.1.122.Final.jar:/home/majed/.m2/repository/io/netty/netty-transport/4.1.122.Final/netty-transport-4.1.122.Final.jar:/home/majed/.m2/repository/io/projectreactor/reactor-core/3.7.7/reactor-core-3.7.7.jar:/home/majed/.m2/repository/org/reactivestreams/reactive-streams/1.0.4/reactive-streams-1.0.4.jar:/home/majed/.m2/repository/org/springframework/data/spring-data-redis/3.5.1/spring-data-redis-3.5.1.jar:/home/majed/.m2/repository/org/springframework/data/spring-data-keyvalue/3.5.1/spring-data-keyvalue-3.5.1.jar:/home/majed/.m2/repository/org/springframework/spring-oxm/6.2.8/spring-oxm-6.2.8.jar:/home/majed/.m2/repository/io/jsonwebtoken/jjwt-api/0.12.6/jjwt-api-0.12.6.jar:/home/majed/.m2/repository/io/jsonwebtoken/jjwt-jackson/0.12.6/jjwt-jackson-0.12.6.jar:/home/majed/.m2/repository/com/fasterxml/jackson/core/jackson-databind/2.19.1/jackson-databind-2.19.1.jar:/home/majed/.m2/repository/com/fasterxml/jackson/core/jackson-annotations/2.19.1/jackson-annotations-2.19.1.jar:/home/majed/.m2/repository/com/fasterxml/jackson/core/jackson-core/2.19.1/jackson-core-2.19.1.jar:/home/majed/.m2/repository/io/jsonwebtoken/jjwt-impl/0.12.6/jjwt-impl-0.12.6.jar:/home/majed/.m2/repository/org/springdoc/springdoc-openapi-starter-webmvc-ui/2.8.9/springdoc-openapi-starter-webmvc-ui-2.8.9.jar:/home/majed/.m2/repository/org/springdoc/springdoc-openapi-starter-webmvc-api/2.8.9/springdoc-openapi-starter-webmvc-api-2.8.9.jar:/home/majed/.m2/repository/org/springdoc/springdoc-openapi-starter-common/2.8.9/springdoc-openapi-starter-common-2.8.9.jar:/home/majed/.m2/repository/io/swagger/core/v3/swagger-core-jakarta/2.2.30/swagger-core-jakarta-2.2.30.jar:/home/majed/.m2/repository/org/apache/commons/commons-lang3/3.17.0/commons-lang3-3.17.0.jar:/home/majed/.m2/repository/io/swagger/core/v3/swagger-annotations-jakarta/2.2.30/swagger-annotations-jakarta-2.2.30.jar:/home/majed/.m2/repository/io/swagger/core/v3/swagger-models-jakarta/2.2.30/swagger-models-jakarta-2.2.30.jar:/home/majed/.m2/repository/com/fasterxml/jackson/dataformat/jackson-dataformat-yaml/2.19.1/jackson-dataformat-yaml-2.19.1.jar:/home/majed/.m2/repository/org/webjars/swagger-ui/5.21.0/swagger-ui-5.21.0.jar:/home/majed/.m2/repository/org/webjars/webjars-locator-lite/1.1.0/webjars-locator-lite-1.1.0.jar:/home/majed/.m2/repository/org/jspecify/jspecify/1.0.0/jspecify-1.0.0.jar:/home/majed/.m2/repository/io/vavr/vavr/0.10.6/vavr-0.10.6.jar:/home/majed/.m2/repository/io/vavr/vavr-match/0.10.6/vavr-match-0.10.6.jar:/home/majed/.m2/repository/com/amazonaws/aws-java-sdk/1.12.787/aws-java-sdk-1.12.787.jar:/home/majed/.m2/repository/com/amazonaws/aws-java-sdk-qapps/1.12.787/aws-java-sdk-qapps-1.12.787.jar:/home/majed/.m2/repository/com/amazonaws/jmespath-java/1.12.787/jmespath-java-1.12.787.jar:/home/majed/.m2/repository/com/amazonaws/aws-java-sdk-apptest/1.12.787/aws-java-sdk-apptest-1.12.787.jar:/home/majed/.m2/repository/com/amazonaws/aws-java-sdk-pcaconnectorscep/1.12.787/aws-java-sdk-pcaconnectorscep-1.12.787.jar:/home/majed/.m2/repository/com/amazonaws/aws-java-sdk-applicationsignals/1.12.787/aws-java-sdk-applicationsignals-1.12.787.jar:/home/majed/.m2/repository/com/amazonaws/aws-java-sdk-taxsettings/1.12.787/aws-java-sdk-taxsettings-1.12.787.jar:/home/majed/.m2/repository/com/amazonaws/aws-java-sdk-mailmanager/1.12.787/aws-java-sdk-mailmanager-1.12.787.jar:/home/majed/.m2/repository/com/amazonaws/aws-java-sdk-route53profiles/1.12.787/aws-java-sdk-route53profiles-1.12.787.jar:/home/majed/.m2/repository/com/amazonaws/aws-java-sdk-controlcatalog/1.12.787/aws-java-sdk-controlcatalog-1.12.787.jar:/home/majed/.m2/repository/com/amazonaws/aws-java-sdk-deadline/1.12.787/aws-java-sdk-deadline-1.12.787.jar:/home/majed/.m2/repository/com/amazonaws/aws-java-sdk-codeconnections/1.12.787/aws-java-sdk-codeconnections-1.12.787.jar:/home/majed/.m2/repository/com/amazonaws/aws-java-sdk-timestreaminfluxdb/1.12.787/aws-java-sdk-timestreaminfluxdb-1.12.787.jar:/home/majed/.m2/repository/com/amazonaws/aws-java-sdk-chatbot/1.12.787/aws-java-sdk-chatbot-1.12.787.jar:/home/majed/.m2/repository/com/amazonaws/aws-java-sdk-artifact/1.12.787/aws-java-sdk-artifact-1.12.787.jar:/home/majed/.m2/repository/com/amazonaws/aws-java-sdk-supplychain/1.12.787/aws-java-sdk-supplychain-1.12.787.jar:/home/majed/.m2/repository/com/amazonaws/aws-java-sdk-networkmonitor/1.12.787/aws-java-sdk-networkmonitor-1.12.787.jar:/home/majed/.m2/repository/com/amazonaws/aws-java-sdk-marketplaceagreement/1.12.787/aws-java-sdk-marketplaceagreement-1.12.787.jar:/home/majed/.m2/repository/com/amazonaws/aws-java-sdk-marketplacedeployment/1.12.787/aws-java-sdk-marketplacedeployment-1.12.787.jar:/home/majed/.m2/repository/com/amazonaws/aws-java-sdk-cleanroomsml/1.12.787/aws-java-sdk-cleanroomsml-1.12.787.jar:/home/majed/.m2/repository/com/amazonaws/aws-java-sdk-bedrockagent/1.12.787/aws-java-sdk-bedrockagent-1.12.787.jar:/home/majed/.m2/repository/com/amazonaws/aws-java-sdk-qconnect/1.12.787/aws-java-sdk-qconnect-1.12.787.jar:/home/majed/.m2/repository/com/amazonaws/aws-java-sdk-qbusiness/1.12.787/aws-java-sdk-qbusiness-1.12.787.jar:/home/majed/.m2/repository/com/amazonaws/aws-java-sdk-bedrockagentruntime/1.12.787/aws-java-sdk-bedrockagentruntime-1.12.787.jar:/home/majed/.m2/repository/com/amazonaws/aws-java-sdk-b2bi/1.12.787/aws-java-sdk-b2bi-1.12.787.jar:/home/majed/.m2/repository/com/amazonaws/aws-java-sdk-workspacesthinclient/1.12.787/aws-java-sdk-workspacesthinclient-1.12.787.jar:/home/majed/.m2/repository/com/amazonaws/aws-java-sdk-eksauth/1.12.787/aws-java-sdk-eksauth-1.12.787.jar:/home/majed/.m2/repository/com/amazonaws/aws-java-sdk-freetier/1.12.787/aws-java-sdk-freetier-1.12.787.jar:/home/majed/.m2/repository/com/amazonaws/aws-java-sdk-bcmdataexports/1.12.787/aws-java-sdk-bcmdataexports-1.12.787.jar:/home/majed/.m2/repository/com/amazonaws/aws-java-sdk-repostspace/1.12.787/aws-java-sdk-repostspace-1.12.787.jar:/home/majed/.m2/repository/com/amazonaws/aws-java-sdk-costoptimizationhub/1.12.787/aws-java-sdk-costoptimizationhub-1.12.787.jar:/home/majed/.m2/repository/com/amazonaws/aws-java-sdk-inspectorscan/1.12.787/aws-java-sdk-inspectorscan-1.12.787.jar:/home/majed/.m2/repository/com/amazonaws/aws-java-sdk-trustedadvisor/1.12.787/aws-java-sdk-trustedadvisor-1.12.787.jar:/home/majed/.m2/repository/com/amazonaws/aws-java-sdk-launchwizard/1.12.787/aws-java-sdk-launchwizard-1.12.787.jar:/home/majed/.m2/repository/com/amazonaws/aws-java-sdk-datazoneexternal/1.12.787/aws-java-sdk-datazoneexternal-1.12.787.jar:/home/majed/.m2/repository/com/amazonaws/aws-java-sdk-bedrock/1.12.787/aws-java-sdk-bedrock-1.12.787.jar:/home/majed/.m2/repository/com/amazonaws/aws-java-sdk-bedrockruntime/1.12.787/aws-java-sdk-bedrockruntime-1.12.787.jar:/home/majed/.m2/repository/com/amazonaws/aws-java-sdk-neptunedata/1.12.787/aws-java-sdk-neptunedata-1.12.787.jar:/home/majed/.m2/repository/com/amazonaws/aws-java-sdk-pcaconnectorad/1.12.787/aws-java-sdk-pcaconnectorad-1.12.787.jar:/home/majed/.m2/repository/com/amazonaws/aws-java-sdk-managedblockchainquery/1.12.787/aws-java-sdk-managedblockchainquery-1.12.787.jar:/home/majed/.m2/repository/com/amazonaws/aws-java-sdk-entityresolution/1.12.787/aws-java-sdk-entityresolution-1.12.787.jar:/home/majed/.m2/repository/com/amazonaws/aws-java-sdk-medicalimaging/1.12.787/aws-java-sdk-medicalimaging-1.12.787.jar:/home/majed/.m2/repository/com/amazonaws/aws-java-sdk-appfabric/1.12.787/aws-java-sdk-appfabric-1.12.787.jar:/home/majed/.m2/repository/com/amazonaws/aws-java-sdk-verifiedpermissions/1.12.787/aws-java-sdk-verifiedpermissions-1.12.787.jar:/home/majed/.m2/repository/com/amazonaws/aws-java-sdk-codegurusecurity/1.12.787/aws-java-sdk-codegurusecurity-1.12.787.jar:/home/majed/.m2/repository/com/amazonaws/aws-java-sdk-paymentcryptography/1.12.787/aws-java-sdk-paymentcryptography-1.12.787.jar:/home/majed/.m2/repository/com/amazonaws/aws-java-sdk-paymentcryptographydata/1.12.787/aws-java-sdk-paymentcryptographydata-1.12.787.jar:/home/majed/.m2/repository/com/amazonaws/aws-java-sdk-mediapackagev2/1.12.787/aws-java-sdk-mediapackagev2-1.12.787.jar:/home/majed/.m2/repository/com/amazonaws/aws-java-sdk-osis/1.12.787/aws-java-sdk-osis-1.12.787.jar:/home/majed/.m2/repository/com/amazonaws/aws-java-sdk-vpclattice/1.12.787/aws-java-sdk-vpclattice-1.12.787.jar:/home/majed/.m2/repository/com/amazonaws/aws-java-sdk-ivsrealtime/1.12.787/aws-java-sdk-ivsrealtime-1.12.787.jar:/home/majed/.m2/repository/com/amazonaws/aws-java-sdk-internetmonitor/1.12.787/aws-java-sdk-internetmonitor-1.12.787.jar:/home/majed/.m2/repository/com/amazonaws/aws-java-sdk-tnb/1.12.787/aws-java-sdk-tnb-1.12.787.jar:/home/majed/.m2/repository/com/amazonaws/aws-java-sdk-cloudtraildata/1.12.787/aws-java-sdk-cloudtraildata-1.12.787.jar:/home/majed/.m2/repository/com/amazonaws/aws-java-sdk-cleanrooms/1.12.787/aws-java-sdk-cleanrooms-1.12.787.jar:/home/majed/.m2/repository/com/amazonaws/aws-java-sdk-kendraranking/1.12.787/aws-java-sdk-kendraranking-1.12.787.jar:/home/majed/.m2/repository/com/amazonaws/aws-java-sdk-licensemanagerlinuxsubscriptions/1.12.787/aws-java-sdk-licensemanagerlinuxsubscriptions-1.12.787.jar:/home/majed/.m2/repository/com/amazonaws/aws-java-sdk-kinesisvideowebrtcstorage/1.12.787/aws-java-sdk-kinesisvideowebrtcstorage-1.12.787.jar:/home/majed/.m2/repository/com/amazonaws/aws-java-sdk-sagemakermetrics/1.12.787/aws-java-sdk-sagemakermetrics-1.12.787.jar:/home/majed/.m2/repository/com/amazonaws/aws-java-sdk-pipes/1.12.787/aws-java-sdk-pipes-1.12.787.jar:/home/majed/.m2/repository/com/amazonaws/aws-java-sdk-sagemakergeospatial/1.12.787/aws-java-sdk-sagemakergeospatial-1.12.787.jar:/home/majed/.m2/repository/com/amazonaws/aws-java-sdk-docdbelastic/1.12.787/aws-java-sdk-docdbelastic-1.12.787.jar:/home/majed/.m2/repository/com/amazonaws/aws-java-sdk-omics/1.12.787/aws-java-sdk-omics-1.12.787.jar:/home/majed/.m2/repository/com/amazonaws/aws-java-sdk-opensearchserverless/1.12.787/aws-java-sdk-opensearchserverless-1.12.787.jar:/home/majed/.m2/repository/com/amazonaws/aws-java-sdk-securitylake/1.12.787/aws-java-sdk-securitylake-1.12.787.jar:/home/majed/.m2/repository/com/amazonaws/aws-java-sdk-simspaceweaver/1.12.787/aws-java-sdk-simspaceweaver-1.12.787.jar:/home/majed/.m2/repository/com/amazonaws/aws-java-sdk-arczonalshift/1.12.787/aws-java-sdk-arczonalshift-1.12.787.jar:/home/majed/.m2/repository/com/amazonaws/aws-java-sdk-oam/1.12.787/aws-java-sdk-oam-1.12.787.jar:/home/majed/.m2/repository/com/amazonaws/aws-java-sdk-chimesdkvoice/1.12.787/aws-java-sdk-chimesdkvoice-1.12.787.jar:/home/majed/.m2/repository/com/amazonaws/aws-java-sdk-ssmsap/1.12.787/aws-java-sdk-ssmsap-1.12.787.jar:/home/majed/.m2/repository/com/amazonaws/aws-java-sdk-scheduler/1.12.787/aws-java-sdk-scheduler-1.12.787.jar:/home/majed/.m2/repository/com/amazonaws/aws-java-sdk-resourceexplorer2/1.12.787/aws-java-sdk-resourceexplorer2-1.12.787.jar:/home/majed/.m2/repository/com/amazonaws/aws-java-sdk-connectcases/1.12.787/aws-java-sdk-connectcases-1.12.787.jar:/home/majed/.m2/repository/com/amazonaws/aws-java-sdk-migrationhuborchestrator/1.12.787/aws-java-sdk-migrationhuborchestrator-1.12.787.jar:/home/majed/.m2/repository/com/amazonaws/aws-java-sdk-iotfleetwise/1.12.787/aws-java-sdk-iotfleetwise-1.12.787.jar:/home/majed/.m2/repository/com/amazonaws/aws-java-sdk-controltower/1.12.787/aws-java-sdk-controltower-1.12.787.jar:/home/majed/.m2/repository/com/amazonaws/aws-java-sdk-supportapp/1.12.787/aws-java-sdk-supportapp-1.12.787.jar:/home/majed/.m2/repository/com/amazonaws/aws-java-sdk-private5g/1.12.787/aws-java-sdk-private5g-1.12.787.jar:/home/majed/.m2/repository/com/amazonaws/aws-java-sdk-licensemanagerusersubscriptions/1.12.787/aws-java-sdk-licensemanagerusersubscriptions-1.12.787.jar:/home/majed/.m2/repository/com/amazonaws/aws-java-sdk-iamrolesanywhere/1.12.787/aws-java-sdk-iamrolesanywhere-1.12.787.jar:/home/majed/.m2/repository/com/amazonaws/aws-java-sdk-redshiftserverless/1.12.787/aws-java-sdk-redshiftserverless-1.12.787.jar:/home/majed/.m2/repository/com/amazonaws/aws-java-sdk-connectcampaign/1.12.787/aws-java-sdk-connectcampaign-1.12.787.jar:/home/majed/.m2/repository/com/amazonaws/aws-java-sdk-mainframemodernization/1.12.787/aws-java-sdk-mainframemodernization-1.12.787.jar:/home/majed/.m2/repository/com/amazonaws/aws-java-sdk-emrserverless/1.12.787/aws-java-sdk-emrserverless-1.12.787.jar:/home/majed/.m2/repository/com/amazonaws/aws-java-sdk-chimesdkmediapipelines/1.12.787/aws-java-sdk-chimesdkmediapipelines-1.12.787.jar:/home/majed/.m2/repository/com/amazonaws/aws-java-sdk-ivschat/1.12.787/aws-java-sdk-ivschat-1.12.787.jar:/home/majed/.m2/repository/com/amazonaws/aws-java-sdk-pinpointsmsvoicev2/1.12.787/aws-java-sdk-pinpointsmsvoicev2-1.12.787.jar:/home/majed/.m2/repository/com/amazonaws/aws-java-sdk-billingconductor/1.12.787/aws-java-sdk-billingconductor-1.12.787.jar:/home/majed/.m2/repository/com/amazonaws/aws-java-sdk-keyspaces/1.12.787/aws-java-sdk-keyspaces-1.12.787.jar:/home/majed/.m2/repository/com/amazonaws/aws-java-sdk-amplifyuibuilder/1.12.787/aws-java-sdk-amplifyuibuilder-1.12.787.jar:/home/majed/.m2/repository/com/amazonaws/aws-java-sdk-backupgateway/1.12.787/aws-java-sdk-backupgateway-1.12.787.jar:/home/majed/.m2/repository/com/amazonaws/aws-java-sdk-workspacesweb/1.12.787/aws-java-sdk-workspacesweb-1.12.787.jar:/home/majed/.m2/repository/com/amazonaws/aws-java-sdk-iottwinmaker/1.12.787/aws-java-sdk-iottwinmaker-1.12.787.jar:/home/majed/.m2/repository/com/amazonaws/aws-java-sdk-recyclebin/1.12.787/aws-java-sdk-recyclebin-1.12.787.jar:/home/majed/.m2/repository/com/amazonaws/aws-java-sdk-cloudwatchrum/1.12.787/aws-java-sdk-cloudwatchrum-1.12.787.jar:/home/majed/.m2/repository/com/amazonaws/aws-java-sdk-cloudwatchevidently/1.12.787/aws-java-sdk-cloudwatchevidently-1.12.787.jar:/home/majed/.m2/repository/com/amazonaws/aws-java-sdk-inspector2/1.12.787/aws-java-sdk-inspector2-1.12.787.jar:/home/majed/.m2/repository/com/amazonaws/aws-java-sdk-migrationhubrefactorspaces/1.12.787/aws-java-sdk-migrationhubrefactorspaces-1.12.787.jar:/home/majed/.m2/repository/com/amazonaws/aws-java-sdk-appconfigdata/1.12.787/aws-java-sdk-appconfigdata-1.12.787.jar:/home/majed/.m2/repository/com/amazonaws/aws-java-sdk-drs/1.12.787/aws-java-sdk-drs-1.12.787.jar:/home/majed/.m2/repository/com/amazonaws/aws-java-sdk-migrationhubstrategyrecommendations/1.12.787/aws-java-sdk-migrationhubstrategyrecommendations-1.12.787.jar:/home/majed/.m2/repository/com/amazonaws/aws-java-sdk-resiliencehub/1.12.787/aws-java-sdk-resiliencehub-1.12.787.jar:/home/majed/.m2/repository/com/amazonaws/aws-java-sdk-chimesdkmeetings/1.12.787/aws-java-sdk-chimesdkmeetings-1.12.787.jar:/home/majed/.m2/repository/com/amazonaws/aws-java-sdk-panorama/1.12.787/aws-java-sdk-panorama-1.12.787.jar:/home/majed/.m2/repository/com/amazonaws/aws-java-sdk-managedgrafana/1.12.787/aws-java-sdk-managedgrafana-1.12.787.jar:/home/majed/.m2/repository/com/amazonaws/aws-java-sdk-cloudcontrolapi/1.12.787/aws-java-sdk-cloudcontrolapi-1.12.787.jar:/home/majed/.m2/repository/com/amazonaws/aws-java-sdk-account/1.12.787/aws-java-sdk-account-1.12.787.jar:/home/majed/.m2/repository/com/amazonaws/aws-java-sdk-voiceid/1.12.787/aws-java-sdk-voiceid-1.12.787.jar:/home/majed/.m2/repository/com/amazonaws/aws-java-sdk-connectwisdom/1.12.787/aws-java-sdk-connectwisdom-1.12.787.jar:/home/majed/.m2/repository/com/amazonaws/aws-java-sdk-kafkaconnect/1.12.787/aws-java-sdk-kafkaconnect-1.12.787.jar:/home/majed/.m2/repository/com/amazonaws/aws-java-sdk-opensearch/1.12.787/aws-java-sdk-opensearch-1.12.787.jar:/home/majed/.m2/repository/com/amazonaws/aws-java-sdk-memorydb/1.12.787/aws-java-sdk-memorydb-1.12.787.jar:/home/majed/.m2/repository/com/amazonaws/aws-java-sdk-snowdevicemanagement/1.12.787/aws-java-sdk-snowdevicemanagement-1.12.787.jar:/home/majed/.m2/repository/com/amazonaws/aws-java-sdk-chimesdkidentity/1.12.787/aws-java-sdk-chimesdkidentity-1.12.787.jar:/home/majed/.m2/repository/com/amazonaws/aws-java-sdk-chimesdkmessaging/1.12.787/aws-java-sdk-chimesdkmessaging-1.12.787.jar:/home/majed/.m2/repository/com/amazonaws/aws-java-sdk-route53recoverycluster/1.12.787/aws-java-sdk-route53recoverycluster-1.12.787.jar:/home/majed/.m2/repository/com/amazonaws/aws-java-sdk-route53recoverycontrolconfig/1.12.787/aws-java-sdk-route53recoverycontrolconfig-1.12.787.jar:/home/majed/.m2/repository/com/amazonaws/aws-java-sdk-route53recoveryreadiness/1.12.787/aws-java-sdk-route53recoveryreadiness-1.12.787.jar:/home/majed/.m2/repository/com/amazonaws/aws-java-sdk-proton/1.12.787/aws-java-sdk-proton-1.12.787.jar:/home/majed/.m2/repository/com/amazonaws/aws-java-sdk-apprunner/1.12.787/aws-java-sdk-apprunner-1.12.787.jar:/home/majed/.m2/repository/com/amazonaws/aws-java-sdk-applicationcostprofiler/1.12.787/aws-java-sdk-applicationcostprofiler-1.12.787.jar:/home/majed/.m2/repository/com/amazonaws/aws-java-sdk-ssmcontacts/1.12.787/aws-java-sdk-ssmcontacts-1.12.787.jar:/home/majed/.m2/repository/com/amazonaws/aws-java-sdk-ssmincidents/1.12.787/aws-java-sdk-ssmincidents-1.12.787.jar:/home/majed/.m2/repository/com/amazonaws/aws-java-sdk-finspacedata/1.12.787/aws-java-sdk-finspacedata-1.12.787.jar:/home/majed/.m2/repository/com/amazonaws/aws-java-sdk-finspace/1.12.787/aws-java-sdk-finspace-1.12.787.jar:/home/majed/.m2/repository/com/amazonaws/aws-java-sdk-nimblestudio/1.12.787/aws-java-sdk-nimblestudio-1.12.787.jar:/home/majed/.m2/repository/com/amazonaws/aws-java-sdk-lookoutequipment/1.12.787/aws-java-sdk-lookoutequipment-1.12.787.jar:/home/majed/.m2/repository/com/amazonaws/aws-java-sdk-mgn/1.12.787/aws-java-sdk-mgn-1.12.787.jar:/home/majed/.m2/repository/com/amazonaws/aws-java-sdk-lookoutmetrics/1.12.787/aws-java-sdk-lookoutmetrics-1.12.787.jar:/home/majed/.m2/repository/com/amazonaws/aws-java-sdk-fis/1.12.787/aws-java-sdk-fis-1.12.787.jar:/home/majed/.m2/repository/com/amazonaws/aws-java-sdk-lexmodelsv2/1.12.787/aws-java-sdk-lexmodelsv2-1.12.787.jar:/home/majed/.m2/repository/com/amazonaws/aws-java-sdk-lexruntimev2/1.12.787/aws-java-sdk-lexruntimev2-1.12.787.jar:/home/majed/.m2/repository/com/amazonaws/aws-java-sdk-wellarchitected/1.12.787/aws-java-sdk-wellarchitected-1.12.787.jar:/home/majed/.m2/repository/com/amazonaws/aws-java-sdk-location/1.12.787/aws-java-sdk-location-1.12.787.jar:/home/majed/.m2/repository/com/amazonaws/aws-java-sdk-iotdeviceadvisor/1.12.787/aws-java-sdk-iotdeviceadvisor-1.12.787.jar:/home/majed/.m2/repository/com/amazonaws/aws-java-sdk-iotfleethub/1.12.787/aws-java-sdk-iotfleethub-1.12.787.jar:/home/majed/.m2/repository/com/amazonaws/aws-java-sdk-iotwireless/1.12.787/aws-java-sdk-iotwireless-1.12.787.jar:/home/majed/.m2/repository/com/amazonaws/aws-java-sdk-greengrassv2/1.12.787/aws-java-sdk-greengrassv2-1.12.787.jar:/home/majed/.m2/repository/com/amazonaws/aws-java-sdk-prometheus/1.12.787/aws-java-sdk-prometheus-1.12.787.jar:/home/majed/.m2/repository/com/amazonaws/aws-java-sdk-auditmanager/1.12.787/aws-java-sdk-auditmanager-1.12.787.jar:/home/majed/.m2/repository/com/amazonaws/aws-java-sdk-healthlake/1.12.787/aws-java-sdk-healthlake-1.12.787.jar:/home/majed/.m2/repository/com/amazonaws/aws-java-sdk-sagemakeredgemanager/1.12.787/aws-java-sdk-sagemakeredgemanager-1.12.787.jar:/home/majed/.m2/repository/com/amazonaws/aws-java-sdk-emrcontainers/1.12.787/aws-java-sdk-emrcontainers-1.12.787.jar:/home/majed/.m2/repository/com/amazonaws/aws-java-sdk-customerprofiles/1.12.787/aws-java-sdk-customerprofiles-1.12.787.jar:/home/majed/.m2/repository/com/amazonaws/aws-java-sdk-lookoutforvision/1.12.787/aws-java-sdk-lookoutforvision-1.12.787.jar:/home/majed/.m2/repository/com/amazonaws/aws-java-sdk-connectcontactlens/1.12.787/aws-java-sdk-connectcontactlens-1.12.787.jar:/home/majed/.m2/repository/com/amazonaws/aws-java-sdk-amplifybackend/1.12.787/aws-java-sdk-amplifybackend-1.12.787.jar:/home/majed/.m2/repository/com/amazonaws/aws-java-sdk-ecrpublic/1.12.787/aws-java-sdk-ecrpublic-1.12.787.jar:/home/majed/.m2/repository/com/amazonaws/aws-java-sdk-appintegrations/1.12.787/aws-java-sdk-appintegrations-1.12.787.jar:/home/majed/.m2/repository/com/amazonaws/aws-java-sdk-sagemakerfeaturestoreruntime/1.12.787/aws-java-sdk-sagemakerfeaturestoreruntime-1.12.787.jar:/home/majed/.m2/repository/com/amazonaws/aws-java-sdk-devopsguru/1.12.787/aws-java-sdk-devopsguru-1.12.787.jar:/home/majed/.m2/repository/com/amazonaws/aws-java-sdk-mwaa/1.12.787/aws-java-sdk-mwaa-1.12.787.jar:/home/majed/.m2/repository/com/amazonaws/aws-java-sdk-networkfirewall/1.12.787/aws-java-sdk-networkfirewall-1.12.787.jar:/home/majed/.m2/repository/com/amazonaws/aws-java-sdk-appregistry/1.12.787/aws-java-sdk-appregistry-1.12.787.jar:/home/majed/.m2/repository/com/amazonaws/aws-java-sdk-gluedatabrew/1.12.787/aws-java-sdk-gluedatabrew-1.12.787.jar:/home/majed/.m2/repository/com/amazonaws/aws-java-sdk-s3outposts/1.12.787/aws-java-sdk-s3outposts-1.12.787.jar:/home/majed/.m2/repository/com/amazonaws/aws-java-sdk-timestreamquery/1.12.787/aws-java-sdk-timestreamquery-1.12.787.jar:/home/majed/.m2/repository/com/amazonaws/aws-java-sdk-timestreamwrite/1.12.787/aws-java-sdk-timestreamwrite-1.12.787.jar:/home/majed/.m2/repository/com/amazonaws/aws-java-sdk-ssoadmin/1.12.787/aws-java-sdk-ssoadmin-1.12.787.jar:/home/majed/.m2/repository/com/amazonaws/aws-java-sdk-redshiftdataapi/1.12.787/aws-java-sdk-redshiftdataapi-1.12.787.jar:/home/majed/.m2/repository/com/amazonaws/aws-java-sdk-appflow/1.12.787/aws-java-sdk-appflow-1.12.787.jar:/home/majed/.m2/repository/com/amazonaws/aws-java-sdk-identitystore/1.12.787/aws-java-sdk-identitystore-1.12.787.jar:/home/majed/.m2/repository/com/amazonaws/aws-java-sdk-braket/1.12.787/aws-java-sdk-braket-1.12.787.jar:/home/majed/.m2/repository/com/amazonaws/aws-java-sdk-ivs/1.12.787/aws-java-sdk-ivs-1.12.787.jar:/home/majed/.m2/repository/com/amazonaws/aws-java-sdk-codeartifact/1.12.787/aws-java-sdk-codeartifact-1.12.787.jar:/home/majed/.m2/repository/com/amazonaws/aws-java-sdk-macie2/1.12.787/aws-java-sdk-macie2-1.12.787.jar:/home/majed/.m2/repository/com/amazonaws/aws-java-sdk-iotsitewise/1.12.787/aws-java-sdk-iotsitewise-1.12.787.jar:/home/majed/.m2/repository/com/amazonaws/aws-java-sdk-synthetics/1.12.787/aws-java-sdk-synthetics-1.12.787.jar:/home/majed/.m2/repository/com/amazonaws/aws-java-sdk-codestarconnections/1.12.787/aws-java-sdk-codestarconnections-1.12.787.jar:/home/majed/.m2/repository/com/amazonaws/aws-java-sdk-detective/1.12.787/aws-java-sdk-detective-1.12.787.jar:/home/majed/.m2/repository/com/amazonaws/aws-java-sdk-kinesisvideosignalingchannels/1.12.787/aws-java-sdk-kinesisvideosignalingchannels-1.12.787.jar:/home/majed/.m2/repository/com/amazonaws/aws-java-sdk-ebs/1.12.787/aws-java-sdk-ebs-1.12.787.jar:/home/majed/.m2/repository/com/amazonaws/aws-java-sdk-augmentedairuntime/1.12.787/aws-java-sdk-augmentedairuntime-1.12.787.jar:/home/majed/.m2/repository/com/amazonaws/aws-java-sdk-outposts/1.12.787/aws-java-sdk-outposts-1.12.787.jar:/home/majed/.m2/repository/com/amazonaws/aws-java-sdk-codeguruprofiler/1.12.787/aws-java-sdk-codeguruprofiler-1.12.787.jar:/home/majed/.m2/repository/com/amazonaws/aws-java-sdk-codegurureviewer/1.12.787/aws-java-sdk-codegurureviewer-1.12.787.jar:/home/majed/.m2/repository/com/amazonaws/aws-java-sdk-frauddetector/1.12.787/aws-java-sdk-frauddetector-1.12.787.jar:/home/majed/.m2/repository/com/amazonaws/aws-java-sdk-kendra/1.12.787/aws-java-sdk-kendra-1.12.787.jar:/home/majed/.m2/repository/com/amazonaws/aws-java-sdk-networkmanager/1.12.787/aws-java-sdk-networkmanager-1.12.787.jar:/home/majed/.m2/repository/com/amazonaws/aws-java-sdk-computeoptimizer/1.12.787/aws-java-sdk-computeoptimizer-1.12.787.jar:/home/majed/.m2/repository/com/amazonaws/aws-java-sdk-accessanalyzer/1.12.787/aws-java-sdk-accessanalyzer-1.12.787.jar:/home/majed/.m2/repository/com/amazonaws/aws-java-sdk-schemas/1.12.787/aws-java-sdk-schemas-1.12.787.jar:/home/majed/.m2/repository/com/amazonaws/aws-java-sdk-imagebuilder/1.12.787/aws-java-sdk-imagebuilder-1.12.787.jar:/home/majed/.m2/repository/com/amazonaws/aws-java-sdk-elasticinference/1.12.787/aws-java-sdk-elasticinference-1.12.787.jar:/home/majed/.m2/repository/com/amazonaws/aws-java-sdk-iotsecuretunneling/1.12.787/aws-java-sdk-iotsecuretunneling-1.12.787.jar:/home/majed/.m2/repository/com/amazonaws/aws-java-sdk-appconfig/1.12.787/aws-java-sdk-appconfig-1.12.787.jar:/home/majed/.m2/repository/com/amazonaws/aws-java-sdk-wafv2/1.12.787/aws-java-sdk-wafv2-1.12.787.jar:/home/majed/.m2/repository/com/amazonaws/aws-java-sdk-connectparticipant/1.12.787/aws-java-sdk-connectparticipant-1.12.787.jar:/home/majed/.m2/repository/com/amazonaws/aws-java-sdk-migrationhubconfig/1.12.787/aws-java-sdk-migrationhubconfig-1.12.787.jar:/home/majed/.m2/repository/com/amazonaws/aws-java-sdk-dataexchange/1.12.787/aws-java-sdk-dataexchange-1.12.787.jar:/home/majed/.m2/repository/com/amazonaws/aws-java-sdk-sesv2/1.12.787/aws-java-sdk-sesv2-1.12.787.jar:/home/majed/.m2/repository/com/amazonaws/aws-java-sdk-marketplacecatalog/1.12.787/aws-java-sdk-marketplacecatalog-1.12.787.jar:/home/majed/.m2/repository/com/amazonaws/aws-java-sdk-ssooidc/1.12.787/aws-java-sdk-ssooidc-1.12.787.jar:/home/majed/.m2/repository/com/amazonaws/aws-java-sdk-sso/1.12.787/aws-java-sdk-sso-1.12.787.jar:/home/majed/.m2/repository/com/amazonaws/aws-java-sdk-savingsplans/1.12.787/aws-java-sdk-savingsplans-1.12.787.jar:/home/majed/.m2/repository/com/amazonaws/aws-java-sdk-codestarnotifications/1.12.787/aws-java-sdk-codestarnotifications-1.12.787.jar:/home/majed/.m2/repository/com/amazonaws/aws-java-sdk-workmailmessageflow/1.12.787/aws-java-sdk-workmailmessageflow-1.12.787.jar:/home/majed/.m2/repository/com/amazonaws/aws-java-sdk-qldbsession/1.12.787/aws-java-sdk-qldbsession-1.12.787.jar:/home/majed/.m2/repository/com/amazonaws/aws-java-sdk-qldb/1.12.787/aws-java-sdk-qldb-1.12.787.jar:/home/majed/.m2/repository/com/amazonaws/aws-java-sdk-forecastquery/1.12.787/aws-java-sdk-forecastquery-1.12.787.jar:/home/majed/.m2/repository/com/amazonaws/aws-java-sdk-forecast/1.12.787/aws-java-sdk-forecast-1.12.787.jar:/home/majed/.m2/repository/com/amazonaws/aws-java-sdk-lakeformation/1.12.787/aws-java-sdk-lakeformation-1.12.787.jar:/home/majed/.m2/repository/com/amazonaws/aws-java-sdk-eventbridge/1.12.787/aws-java-sdk-eventbridge-1.12.787.jar:/home/majed/.m2/repository/com/amazonaws/aws-java-sdk-ec2instanceconnect/1.12.787/aws-java-sdk-ec2instanceconnect-1.12.787.jar:/home/majed/.m2/repository/com/amazonaws/aws-java-sdk-applicationinsights/1.12.787/aws-java-sdk-applicationinsights-1.12.787.jar:/home/majed/.m2/repository/com/amazonaws/aws-java-sdk-servicequotas/1.12.787/aws-java-sdk-servicequotas-1.12.787.jar:/home/majed/.m2/repository/com/amazonaws/aws-java-sdk-personalizeevents/1.12.787/aws-java-sdk-personalizeevents-1.12.787.jar:/home/majed/.m2/repository/com/amazonaws/aws-java-sdk-personalize/1.12.787/aws-java-sdk-personalize-1.12.787.jar:/home/majed/.m2/repository/com/amazonaws/aws-java-sdk-personalizeruntime/1.12.787/aws-java-sdk-personalizeruntime-1.12.787.jar:/home/majed/.m2/repository/com/amazonaws/aws-java-sdk-ioteventsdata/1.12.787/aws-java-sdk-ioteventsdata-1.12.787.jar:/home/majed/.m2/repository/com/amazonaws/aws-java-sdk-iotevents/1.12.787/aws-java-sdk-iotevents-1.12.787.jar:/home/majed/.m2/repository/com/amazonaws/aws-java-sdk-iotthingsgraph/1.12.787/aws-java-sdk-iotthingsgraph-1.12.787.jar:/home/majed/.m2/repository/com/amazonaws/aws-java-sdk-groundstation/1.12.787/aws-java-sdk-groundstation-1.12.787.jar:/home/majed/.m2/repository/com/amazonaws/aws-java-sdk-mediapackagevod/1.12.787/aws-java-sdk-mediapackagevod-1.12.787.jar:/home/majed/.m2/repository/com/amazonaws/aws-java-sdk-managedblockchain/1.12.787/aws-java-sdk-managedblockchain-1.12.787.jar:/home/majed/.m2/repository/com/amazonaws/aws-java-sdk-textract/1.12.787/aws-java-sdk-textract-1.12.787.jar:/home/majed/.m2/repository/com/amazonaws/aws-java-sdk-worklink/1.12.787/aws-java-sdk-worklink-1.12.787.jar:/home/majed/.m2/repository/com/amazonaws/aws-java-sdk-backup/1.12.787/aws-java-sdk-backup-1.12.787.jar:/home/majed/.m2/repository/com/amazonaws/aws-java-sdk-docdb/1.12.787/aws-java-sdk-docdb-1.12.787.jar:/home/majed/.m2/repository/com/amazonaws/aws-java-sdk-apigatewayv2/1.12.787/aws-java-sdk-apigatewayv2-1.12.787.jar:/home/majed/.m2/repository/com/amazonaws/aws-java-sdk-apigatewaymanagementapi/1.12.787/aws-java-sdk-apigatewaymanagementapi-1.12.787.jar:/home/majed/.m2/repository/com/amazonaws/aws-java-sdk-kafka/1.12.787/aws-java-sdk-kafka-1.12.787.jar:/home/majed/.m2/repository/com/amazonaws/aws-java-sdk-appmesh/1.12.787/aws-java-sdk-appmesh-1.12.787.jar:/home/majed/.m2/repository/com/amazonaws/aws-java-sdk-licensemanager/1.12.787/aws-java-sdk-licensemanager-1.12.787.jar:/home/majed/.m2/repository/com/amazonaws/aws-java-sdk-securityhub/1.12.787/aws-java-sdk-securityhub-1.12.787.jar:/home/majed/.m2/repository/com/amazonaws/aws-java-sdk-fsx/1.12.787/aws-java-sdk-fsx-1.12.787.jar:/home/majed/.m2/repository/com/amazonaws/aws-java-sdk-mediaconnect/1.12.787/aws-java-sdk-mediaconnect-1.12.787.jar:/home/majed/.m2/repository/com/amazonaws/aws-java-sdk-kinesisanalyticsv2/1.12.787/aws-java-sdk-kinesisanalyticsv2-1.12.787.jar:/home/majed/.m2/repository/com/amazonaws/aws-java-sdk-comprehendmedical/1.12.787/aws-java-sdk-comprehendmedical-1.12.787.jar:/home/majed/.m2/repository/com/amazonaws/aws-java-sdk-globalaccelerator/1.12.787/aws-java-sdk-globalaccelerator-1.12.787.jar:/home/majed/.m2/repository/com/amazonaws/aws-java-sdk-transfer/1.12.787/aws-java-sdk-transfer-1.12.787.jar:/home/majed/.m2/repository/com/amazonaws/aws-java-sdk-datasync/1.12.787/aws-java-sdk-datasync-1.12.787.jar:/home/majed/.m2/repository/com/amazonaws/aws-java-sdk-robomaker/1.12.787/aws-java-sdk-robomaker-1.12.787.jar:/home/majed/.m2/repository/com/amazonaws/aws-java-sdk-amplify/1.12.787/aws-java-sdk-amplify-1.12.787.jar:/home/majed/.m2/repository/com/amazonaws/aws-java-sdk-quicksight/1.12.787/aws-java-sdk-quicksight-1.12.787.jar:/home/majed/.m2/repository/com/amazonaws/aws-java-sdk-rdsdata/1.12.787/aws-java-sdk-rdsdata-1.12.787.jar:/home/majed/.m2/repository/com/amazonaws/aws-java-sdk-route53resolver/1.12.787/aws-java-sdk-route53resolver-1.12.787.jar:/home/majed/.m2/repository/com/amazonaws/aws-java-sdk-ram/1.12.787/aws-java-sdk-ram-1.12.787.jar:/home/majed/.m2/repository/com/amazonaws/aws-java-sdk-s3control/1.12.787/aws-java-sdk-s3control-1.12.787.jar:/home/majed/.m2/repository/com/amazonaws/aws-java-sdk-pinpointsmsvoice/1.12.787/aws-java-sdk-pinpointsmsvoice-1.12.787.jar:/home/majed/.m2/repository/com/amazonaws/aws-java-sdk-pinpointemail/1.12.787/aws-java-sdk-pinpointemail-1.12.787.jar:/home/majed/.m2/repository/com/amazonaws/aws-java-sdk-chime/1.12.787/aws-java-sdk-chime-1.12.787.jar:/home/majed/.m2/repository/com/amazonaws/aws-java-sdk-signer/1.12.787/aws-java-sdk-signer-1.12.787.jar:/home/majed/.m2/repository/com/amazonaws/aws-java-sdk-dlm/1.12.787/aws-java-sdk-dlm-1.12.787.jar:/home/majed/.m2/repository/com/amazonaws/aws-java-sdk-eks/1.12.787/aws-java-sdk-eks-1.12.787.jar:/home/majed/.m2/repository/com/amazonaws/aws-java-sdk-mediatailor/1.12.787/aws-java-sdk-mediatailor-1.12.787.jar:/home/majed/.m2/repository/com/amazonaws/aws-java-sdk-neptune/1.12.787/aws-java-sdk-neptune-1.12.787.jar:/home/majed/.m2/repository/com/amazonaws/aws-java-sdk-pi/1.12.787/aws-java-sdk-pi-1.12.787.jar:/home/majed/.m2/repository/com/amazonaws/aws-java-sdk-iot1clickprojects/1.12.787/aws-java-sdk-iot1clickprojects-1.12.787.jar:/home/majed/.m2/repository/com/amazonaws/aws-java-sdk-iot1clickdevices/1.12.787/aws-java-sdk-iot1clickdevices-1.12.787.jar:/home/majed/.m2/repository/com/amazonaws/aws-java-sdk-iotanalytics/1.12.787/aws-java-sdk-iotanalytics-1.12.787.jar:/home/majed/.m2/repository/com/amazonaws/aws-java-sdk-acmpca/1.12.787/aws-java-sdk-acmpca-1.12.787.jar:/home/majed/.m2/repository/com/amazonaws/aws-java-sdk-secretsmanager/1.12.787/aws-java-sdk-secretsmanager-1.12.787.jar:/home/majed/.m2/repository/com/amazonaws/aws-java-sdk-fms/1.12.787/aws-java-sdk-fms-1.12.787.jar:/home/majed/.m2/repository/com/amazonaws/aws-java-sdk-connect/1.12.787/aws-java-sdk-connect-1.12.787.jar:/home/majed/.m2/repository/com/amazonaws/aws-java-sdk-transcribe/1.12.787/aws-java-sdk-transcribe-1.12.787.jar:/home/majed/.m2/repository/com/amazonaws/aws-java-sdk-autoscalingplans/1.12.787/aws-java-sdk-autoscalingplans-1.12.787.jar:/home/majed/.m2/repository/com/amazonaws/aws-java-sdk-workmail/1.12.787/aws-java-sdk-workmail-1.12.787.jar:/home/majed/.m2/repository/com/amazonaws/aws-java-sdk-servicediscovery/1.12.787/aws-java-sdk-servicediscovery-1.12.787.jar:/home/majed/.m2/repository/com/amazonaws/aws-java-sdk-cloud9/1.12.787/aws-java-sdk-cloud9-1.12.787.jar:/home/majed/.m2/repository/com/amazonaws/aws-java-sdk-serverlessapplicationrepository/1.12.787/aws-java-sdk-serverlessapplicationrepository-1.12.787.jar:/home/majed/.m2/repository/com/amazonaws/aws-java-sdk-resourcegroups/1.12.787/aws-java-sdk-resourcegroups-1.12.787.jar:/home/majed/.m2/repository/com/amazonaws/aws-java-sdk-comprehend/1.12.787/aws-java-sdk-comprehend-1.12.787.jar:/home/majed/.m2/repository/com/amazonaws/aws-java-sdk-translate/1.12.787/aws-java-sdk-translate-1.12.787.jar:/home/majed/.m2/repository/com/amazonaws/aws-java-sdk-sagemaker/1.12.787/aws-java-sdk-sagemaker-1.12.787.jar:/home/majed/.m2/repository/com/amazonaws/aws-java-sdk-iotjobsdataplane/1.12.787/aws-java-sdk-iotjobsdataplane-1.12.787.jar:/home/majed/.m2/repository/com/amazonaws/aws-java-sdk-sagemakerruntime/1.12.787/aws-java-sdk-sagemakerruntime-1.12.787.jar:/home/majed/.m2/repository/com/amazonaws/aws-java-sdk-kinesisvideo/1.12.787/aws-java-sdk-kinesisvideo-1.12.787.jar:/home/majed/.m2/repository/io/netty/netty-codec-http/4.1.122.Final/netty-codec-http-4.1.122.Final.jar:/home/majed/.m2/repository/com/amazonaws/aws-java-sdk-appsync/1.12.787/aws-java-sdk-appsync-1.12.787.jar:/home/majed/.m2/repository/com/amazonaws/aws-java-sdk-guardduty/1.12.787/aws-java-sdk-guardduty-1.12.787.jar:/home/majed/.m2/repository/com/amazonaws/aws-java-sdk-mq/1.12.787/aws-java-sdk-mq-1.12.787.jar:/home/majed/.m2/repository/com/amazonaws/aws-java-sdk-mediaconvert/1.12.787/aws-java-sdk-mediaconvert-1.12.787.jar:/home/majed/.m2/repository/com/amazonaws/aws-java-sdk-mediastore/1.12.787/aws-java-sdk-mediastore-1.12.787.jar:/home/majed/.m2/repository/com/amazonaws/aws-java-sdk-mediastoredata/1.12.787/aws-java-sdk-mediastoredata-1.12.787.jar:/home/majed/.m2/repository/com/amazonaws/aws-java-sdk-medialive/1.12.787/aws-java-sdk-medialive-1.12.787.jar:/home/majed/.m2/repository/com/amazonaws/aws-java-sdk-mediapackage/1.12.787/aws-java-sdk-mediapackage-1.12.787.jar:/home/majed/.m2/repository/com/amazonaws/aws-java-sdk-costexplorer/1.12.787/aws-java-sdk-costexplorer-1.12.787.jar:/home/majed/.m2/repository/com/amazonaws/aws-java-sdk-pricing/1.12.787/aws-java-sdk-pricing-1.12.787.jar:/home/majed/.m2/repository/com/amazonaws/aws-java-sdk-cloudhsmv2/1.12.787/aws-java-sdk-cloudhsmv2-1.12.787.jar:/home/majed/.m2/repository/com/amazonaws/aws-java-sdk-glue/1.12.787/aws-java-sdk-glue-1.12.787.jar:/home/majed/.m2/repository/com/amazonaws/aws-java-sdk-migrationhub/1.12.787/aws-java-sdk-migrationhub-1.12.787.jar:/home/majed/.m2/repository/com/amazonaws/aws-java-sdk-dax/1.12.787/aws-java-sdk-dax-1.12.787.jar:/home/majed/.m2/repository/com/amazonaws/aws-java-sdk-greengrass/1.12.787/aws-java-sdk-greengrass-1.12.787.jar:/home/majed/.m2/repository/com/amazonaws/aws-java-sdk-athena/1.12.787/aws-java-sdk-athena-1.12.787.jar:/home/majed/.m2/repository/com/amazonaws/aws-java-sdk-marketplaceentitlement/1.12.787/aws-java-sdk-marketplaceentitlement-1.12.787.jar:/home/majed/.m2/repository/com/amazonaws/aws-java-sdk-codestar/1.12.787/aws-java-sdk-codestar-1.12.787.jar:/home/majed/.m2/repository/com/amazonaws/aws-java-sdk-lexmodelbuilding/1.12.787/aws-java-sdk-lexmodelbuilding-1.12.787.jar:/home/majed/.m2/repository/com/amazonaws/aws-java-sdk-resourcegroupstaggingapi/1.12.787/aws-java-sdk-resourcegroupstaggingapi-1.12.787.jar:/home/majed/.m2/repository/com/amazonaws/aws-java-sdk-pinpoint/1.12.787/aws-java-sdk-pinpoint-1.12.787.jar:/home/majed/.m2/repository/com/amazonaws/aws-java-sdk-xray/1.12.787/aws-java-sdk-xray-1.12.787.jar:/home/majed/.m2/repository/com/amazonaws/aws-java-sdk-opsworkscm/1.12.787/aws-java-sdk-opsworkscm-1.12.787.jar:/home/majed/.m2/repository/com/amazonaws/aws-java-sdk-support/1.12.787/aws-java-sdk-support-1.12.787.jar:/home/majed/.m2/repository/com/amazonaws/aws-java-sdk-simpledb/1.12.787/aws-java-sdk-simpledb-1.12.787.jar:/home/majed/.m2/repository/com/amazonaws/aws-java-sdk-servicecatalog/1.12.787/aws-java-sdk-servicecatalog-1.12.787.jar:/home/majed/.m2/repository/com/amazonaws/aws-java-sdk-servermigration/1.12.787/aws-java-sdk-servermigration-1.12.787.jar:/home/majed/.m2/repository/com/amazonaws/aws-java-sdk-simpleworkflow/1.12.787/aws-java-sdk-simpleworkflow-1.12.787.jar:/home/majed/.m2/repository/com/amazonaws/aws-java-sdk-storagegateway/1.12.787/aws-java-sdk-storagegateway-1.12.787.jar:/home/majed/.m2/repository/com/amazonaws/aws-java-sdk-route53/1.12.787/aws-java-sdk-route53-1.12.787.jar:/home/majed/.m2/repository/com/amazonaws/aws-java-sdk-s3/1.12.787/aws-java-sdk-s3-1.12.787.jar:/home/majed/.m2/repository/com/amazonaws/aws-java-sdk-importexport/1.12.787/aws-java-sdk-importexport-1.12.787.jar:/home/majed/.m2/repository/com/amazonaws/aws-java-sdk-sts/1.12.787/aws-java-sdk-sts-1.12.787.jar:/home/majed/.m2/repository/com/amazonaws/aws-java-sdk-sqs/1.12.787/aws-java-sdk-sqs-1.12.787.jar:/home/majed/.m2/repository/com/amazonaws/aws-java-sdk-rds/1.12.787/aws-java-sdk-rds-1.12.787.jar:/home/majed/.m2/repository/com/amazonaws/aws-java-sdk-redshift/1.12.787/aws-java-sdk-redshift-1.12.787.jar:/home/majed/.m2/repository/com/amazonaws/aws-java-sdk-elasticbeanstalk/1.12.787/aws-java-sdk-elasticbeanstalk-1.12.787.jar:/home/majed/.m2/repository/com/amazonaws/aws-java-sdk-glacier/1.12.787/aws-java-sdk-glacier-1.12.787.jar:/home/majed/.m2/repository/com/amazonaws/aws-java-sdk-iam/1.12.787/aws-java-sdk-iam-1.12.787.jar:/home/majed/.m2/repository/com/amazonaws/aws-java-sdk-datapipeline/1.12.787/aws-java-sdk-datapipeline-1.12.787.jar:/home/majed/.m2/repository/com/amazonaws/aws-java-sdk-elasticloadbalancing/1.12.787/aws-java-sdk-elasticloadbalancing-1.12.787.jar:/home/majed/.m2/repository/com/amazonaws/aws-java-sdk-elasticloadbalancingv2/1.12.787/aws-java-sdk-elasticloadbalancingv2-1.12.787.jar:/home/majed/.m2/repository/com/amazonaws/aws-java-sdk-emr/1.12.787/aws-java-sdk-emr-1.12.787.jar:/home/majed/.m2/repository/com/amazonaws/aws-java-sdk-elasticache/1.12.787/aws-java-sdk-elasticache-1.12.787.jar:/home/majed/.m2/repository/com/amazonaws/aws-java-sdk-elastictranscoder/1.12.787/aws-java-sdk-elastictranscoder-1.12.787.jar:/home/majed/.m2/repository/com/amazonaws/aws-java-sdk-ec2/1.12.787/aws-java-sdk-ec2-1.12.787.jar:/home/majed/.m2/repository/com/amazonaws/aws-java-sdk-dynamodb/1.12.787/aws-java-sdk-dynamodb-1.12.787.jar:/home/majed/.m2/repository/com/amazonaws/aws-java-sdk-sns/1.12.787/aws-java-sdk-sns-1.12.787.jar:/home/majed/.m2/repository/com/amazonaws/aws-java-sdk-budgets/1.12.787/aws-java-sdk-budgets-1.12.787.jar:/home/majed/.m2/repository/com/amazonaws/aws-java-sdk-cloudtrail/1.12.787/aws-java-sdk-cloudtrail-1.12.787.jar:/home/majed/.m2/repository/com/amazonaws/aws-java-sdk-cloudwatch/1.12.787/aws-java-sdk-cloudwatch-1.12.787.jar:/home/majed/.m2/repository/com/amazonaws/aws-java-sdk-logs/1.12.787/aws-java-sdk-logs-1.12.787.jar:/home/majed/.m2/repository/com/amazonaws/aws-java-sdk-events/1.12.787/aws-java-sdk-events-1.12.787.jar:/home/majed/.m2/repository/com/amazonaws/aws-java-sdk-cognitoidentity/1.12.787/aws-java-sdk-cognitoidentity-1.12.787.jar:/home/majed/.m2/repository/com/amazonaws/aws-java-sdk-cognitosync/1.12.787/aws-java-sdk-cognitosync-1.12.787.jar:/home/majed/.m2/repository/com/amazonaws/aws-java-sdk-directconnect/1.12.787/aws-java-sdk-directconnect-1.12.787.jar:/home/majed/.m2/repository/com/amazonaws/aws-java-sdk-cloudformation/1.12.787/aws-java-sdk-cloudformation-1.12.787.jar:/home/majed/.m2/repository/com/amazonaws/aws-java-sdk-cloudfront/1.12.787/aws-java-sdk-cloudfront-1.12.787.jar:/home/majed/.m2/repository/com/amazonaws/aws-java-sdk-clouddirectory/1.12.787/aws-java-sdk-clouddirectory-1.12.787.jar:/home/majed/.m2/repository/com/amazonaws/aws-java-sdk-kinesis/1.12.787/aws-java-sdk-kinesis-1.12.787.jar:/home/majed/.m2/repository/com/amazonaws/aws-java-sdk-opsworks/1.12.787/aws-java-sdk-opsworks-1.12.787.jar:/home/majed/.m2/repository/com/amazonaws/aws-java-sdk-ses/1.12.787/aws-java-sdk-ses-1.12.787.jar:/home/majed/.m2/repository/com/amazonaws/aws-java-sdk-autoscaling/1.12.787/aws-java-sdk-autoscaling-1.12.787.jar:/home/majed/.m2/repository/com/amazonaws/aws-java-sdk-cloudsearch/1.12.787/aws-java-sdk-cloudsearch-1.12.787.jar:/home/majed/.m2/repository/com/amazonaws/aws-java-sdk-cloudwatchmetrics/1.12.787/aws-java-sdk-cloudwatchmetrics-1.12.787.jar:/home/majed/.m2/repository/com/amazonaws/aws-java-sdk-codedeploy/1.12.787/aws-java-sdk-codedeploy-1.12.787.jar:/home/majed/.m2/repository/com/amazonaws/aws-java-sdk-codepipeline/1.12.787/aws-java-sdk-codepipeline-1.12.787.jar:/home/majed/.m2/repository/com/amazonaws/aws-java-sdk-kms/1.12.787/aws-java-sdk-kms-1.12.787.jar:/home/majed/.m2/repository/com/amazonaws/aws-java-sdk-config/1.12.787/aws-java-sdk-config-1.12.787.jar:/home/majed/.m2/repository/com/amazonaws/aws-java-sdk-lambda/1.12.787/aws-java-sdk-lambda-1.12.787.jar:/home/majed/.m2/repository/com/amazonaws/aws-java-sdk-ecs/1.12.787/aws-java-sdk-ecs-1.12.787.jar:/home/majed/.m2/repository/com/amazonaws/aws-java-sdk-ecr/1.12.787/aws-java-sdk-ecr-1.12.787.jar:/home/majed/.m2/repository/com/amazonaws/aws-java-sdk-cloudhsm/1.12.787/aws-java-sdk-cloudhsm-1.12.787.jar:/home/majed/.m2/repository/com/amazonaws/aws-java-sdk-ssm/1.12.787/aws-java-sdk-ssm-1.12.787.jar:/home/majed/.m2/repository/com/amazonaws/aws-java-sdk-workspaces/1.12.787/aws-java-sdk-workspaces-1.12.787.jar:/home/majed/.m2/repository/com/amazonaws/aws-java-sdk-machinelearning/1.12.787/aws-java-sdk-machinelearning-1.12.787.jar:/home/majed/.m2/repository/com/amazonaws/aws-java-sdk-directory/1.12.787/aws-java-sdk-directory-1.12.787.jar:/home/majed/.m2/repository/com/amazonaws/aws-java-sdk-efs/1.12.787/aws-java-sdk-efs-1.12.787.jar:/home/majed/.m2/repository/com/amazonaws/aws-java-sdk-codecommit/1.12.787/aws-java-sdk-codecommit-1.12.787.jar:/home/majed/.m2/repository/com/amazonaws/aws-java-sdk-devicefarm/1.12.787/aws-java-sdk-devicefarm-1.12.787.jar:/home/majed/.m2/repository/com/amazonaws/aws-java-sdk-elasticsearch/1.12.787/aws-java-sdk-elasticsearch-1.12.787.jar:/home/majed/.m2/repository/com/amazonaws/aws-java-sdk-waf/1.12.787/aws-java-sdk-waf-1.12.787.jar:/home/majed/.m2/repository/com/amazonaws/aws-java-sdk-marketplacecommerceanalytics/1.12.787/aws-java-sdk-marketplacecommerceanalytics-1.12.787.jar:/home/majed/.m2/repository/com/amazonaws/aws-java-sdk-inspector/1.12.787/aws-java-sdk-inspector-1.12.787.jar:/home/majed/.m2/repository/com/amazonaws/aws-java-sdk-iot/1.12.787/aws-java-sdk-iot-1.12.787.jar:/home/majed/.m2/repository/com/amazonaws/aws-java-sdk-api-gateway/1.12.787/aws-java-sdk-api-gateway-1.12.787.jar:/home/majed/.m2/repository/com/amazonaws/aws-java-sdk-acm/1.12.787/aws-java-sdk-acm-1.12.787.jar:/home/majed/.m2/repository/com/amazonaws/aws-java-sdk-gamelift/1.12.787/aws-java-sdk-gamelift-1.12.787.jar:/home/majed/.m2/repository/com/amazonaws/aws-java-sdk-dms/1.12.787/aws-java-sdk-dms-1.12.787.jar:/home/majed/.m2/repository/com/amazonaws/aws-java-sdk-marketplacemeteringservice/1.12.787/aws-java-sdk-marketplacemeteringservice-1.12.787.jar:/home/majed/.m2/repository/com/amazonaws/aws-java-sdk-cognitoidp/1.12.787/aws-java-sdk-cognitoidp-1.12.787.jar:/home/majed/.m2/repository/com/amazonaws/aws-java-sdk-discovery/1.12.787/aws-java-sdk-discovery-1.12.787.jar:/home/majed/.m2/repository/com/amazonaws/aws-java-sdk-applicationautoscaling/1.12.787/aws-java-sdk-applicationautoscaling-1.12.787.jar:/home/majed/.m2/repository/com/amazonaws/aws-java-sdk-snowball/1.12.787/aws-java-sdk-snowball-1.12.787.jar:/home/majed/.m2/repository/com/amazonaws/aws-java-sdk-rekognition/1.12.787/aws-java-sdk-rekognition-1.12.787.jar:/home/majed/.m2/repository/com/amazonaws/aws-java-sdk-polly/1.12.787/aws-java-sdk-polly-1.12.787.jar:/home/majed/.m2/repository/com/amazonaws/aws-java-sdk-lightsail/1.12.787/aws-java-sdk-lightsail-1.12.787.jar:/home/majed/.m2/repository/com/amazonaws/aws-java-sdk-stepfunctions/1.12.787/aws-java-sdk-stepfunctions-1.12.787.jar:/home/majed/.m2/repository/com/amazonaws/aws-java-sdk-health/1.12.787/aws-java-sdk-health-1.12.787.jar:/home/majed/.m2/repository/com/amazonaws/aws-java-sdk-costandusagereport/1.12.787/aws-java-sdk-costandusagereport-1.12.787.jar:/home/majed/.m2/repository/com/amazonaws/aws-java-sdk-codebuild/1.12.787/aws-java-sdk-codebuild-1.12.787.jar:/home/majed/.m2/repository/com/amazonaws/aws-java-sdk-appstream/1.12.787/aws-java-sdk-appstream-1.12.787.jar:/home/majed/.m2/repository/com/amazonaws/aws-java-sdk-shield/1.12.787/aws-java-sdk-shield-1.12.787.jar:/home/majed/.m2/repository/com/amazonaws/aws-java-sdk-batch/1.12.787/aws-java-sdk-batch-1.12.787.jar:/home/majed/.m2/repository/com/amazonaws/aws-java-sdk-lex/1.12.787/aws-java-sdk-lex-1.12.787.jar:/home/majed/.m2/repository/com/amazonaws/aws-java-sdk-mechanicalturkrequester/1.12.787/aws-java-sdk-mechanicalturkrequester-1.12.787.jar:/home/majed/.m2/repository/com/amazonaws/aws-java-sdk-organizations/1.12.787/aws-java-sdk-organizations-1.12.787.jar:/home/majed/.m2/repository/com/amazonaws/aws-java-sdk-workdocs/1.12.787/aws-java-sdk-workdocs-1.12.787.jar:/home/majed/.m2/repository/com/amazonaws/aws-java-sdk-core/1.12.787/aws-java-sdk-core-1.12.787.jar:/home/majed/.m2/repository/commons-logging/commons-logging/1.1.3/commons-logging-1.1.3.jar:/home/majed/.m2/repository/commons-codec/commons-codec/1.18.0/commons-codec-1.18.0.jar:/home/majed/.m2/repository/com/fasterxml/jackson/dataformat/jackson-dataformat-cbor/2.19.1/jackson-dataformat-cbor-2.19.1.jar:/home/majed/.m2/repository/joda-time/joda-time/2.12.7/joda-time-2.12.7.jar:/home/majed/.m2/repository/com/amazonaws/aws-java-sdk-models/1.12.787/aws-java-sdk-models-1.12.787.jar:/home/majed/.m2/repository/com/amazonaws/aws-java-sdk-swf-libraries/1.11.22/aws-java-sdk-swf-libraries-1.11.22.jar:/home/majed/.m2/repository/org/springframework/boot/spring-boot-starter-websocket/3.5.3/spring-boot-starter-websocket-3.5.3.jar:/home/majed/.m2/repository/org/springframework/spring-messaging/6.2.8/spring-messaging-6.2.8.jar:/home/majed/.m2/repository/org/springframework/spring-websocket/6.2.8/spring-websocket-6.2.8.jar:/home/majed/.m2/repository/org/springframework/boot/spring-boot-starter-validation/3.5.3/spring-boot-starter-validation-3.5.3.jar:/home/majed/.m2/repository/org/apache/tomcat/embed/tomcat-embed-el/10.1.42/tomcat-embed-el-10.1.42.jar:/home/majed/.m2/repository/org/hibernate/validator/hibernate-validator/8.0.2.Final/hibernate-validator-8.0.2.Final.jar:/home/majed/.m2/repository/jakarta/validation/jakarta.validation-api/3.0.2/jakarta.validation-api-3.0.2.jar:/home/majed/.m2/repository/com/google/api-client/google-api-client/2.0.0/google-api-client-2.0.0.jar:/home/majed/.m2/repository/com/google/http-client/google-http-client-gson/1.42.1/google-http-client-gson-1.42.1.jar:/home/majed/.m2/repository/com/google/code/gson/gson/2.13.1/gson-2.13.1.jar:/home/majed/.m2/repository/com/google/guava/guava/31.1-jre/guava-31.1-jre.jar:/home/majed/.m2/repository/com/google/guava/failureaccess/1.0.1/failureaccess-1.0.1.jar:/home/majed/.m2/repository/com/google/guava/listenablefuture/9999.0-empty-to-avoid-conflict-with-guava/listenablefuture-9999.0-empty-to-avoid-conflict-with-guava.jar:/home/majed/.m2/repository/com/google/code/findbugs/jsr305/3.0.2/jsr305-3.0.2.jar:/home/majed/.m2/repository/com/google/errorprone/error_prone_annotations/2.11.0/error_prone_annotations-2.11.0.jar:/home/majed/.m2/repository/com/google/j2objc/j2objc-annotations/1.3/j2objc-annotations-1.3.jar:/home/majed/.m2/repository/com/google/http-client/google-http-client-apache-v2/1.42.1/google-http-client-apache-v2-1.42.1.jar:/home/majed/.m2/repository/org/apache/httpcomponents/httpcore/4.4.16/httpcore-4.4.16.jar:/home/majed/.m2/repository/org/apache/httpcomponents/httpclient/4.5.13/httpclient-4.5.13.jar:/home/majed/.m2/repository/com/google/http-client/google-http-client/1.42.1/google-http-client-1.42.1.jar:/home/majed/.m2/repository/io/opencensus/opencensus-api/0.31.1/opencensus-api-0.31.1.jar:/home/majed/.m2/repository/io/grpc/grpc-context/1.27.2/grpc-context-1.27.2.jar:/home/majed/.m2/repository/io/opencensus/opencensus-contrib-http-util/0.31.1/opencensus-contrib-http-util-0.31.1.jar:/home/majed/.m2/repository/com/google/oauth-client/google-oauth-client/1.36.0/google-oauth-client-1.36.0.jar:/home/majed/.m2/repository/com/google/apis/google-api-services-calendar/v3-rev20250404-2.0.0/google-api-services-calendar-v3-rev20250404-2.0.0.jar:/home/majed/.m2/repository/org/springframework/boot/spring-boot-starter-actuator/3.5.3/spring-boot-starter-actuator-3.5.3.jar:/home/majed/.m2/repository/org/springframework/boot/spring-boot-actuator-autoconfigure/3.5.3/spring-boot-actuator-autoconfigure-3.5.3.jar:/home/majed/.m2/repository/org/springframework/boot/spring-boot-actuator/3.5.3/spring-boot-actuator-3.5.3.jar:/home/majed/.m2/repository/io/micrometer/micrometer-observation/1.15.1/micrometer-observation-1.15.1.jar:/home/majed/.m2/repository/io/micrometer/micrometer-commons/1.15.1/micrometer-commons-1.15.1.jar:/home/majed/.m2/repository/io/micrometer/micrometer-jakarta9/1.15.1/micrometer-jakarta9-1.15.1.jar:/home/majed/.m2/repository/io/micrometer/micrometer-core/1.15.1/micrometer-core-1.15.1.jar:/home/majed/.m2/repository/org/hdrhistogram/HdrHistogram/2.2.2/HdrHistogram-2.2.2.jar:/home/majed/.m2/repository/org/latencyutils/LatencyUtils/2.0.3/LatencyUtils-2.0.3.jar:/home/majed/.m2/repository/org/junit/jupiter/junit-jupiter-api/5.13.1/junit-jupiter-api-5.13.1.jar:/home/majed/.m2/repository/org/opentest4j/opentest4j/1.3.0/opentest4j-1.3.0.jar:/home/majed/.m2/repository/org/junit/platform/junit-platform-commons/1.13.1/junit-platform-commons-1.13.1.jar:/home/majed/.m2/repository/org/apiguardian/apiguardian-api/1.1.2/apiguardian-api-1.1.2.jar:/home/majed/.m2/repository/org/junit/jupiter/junit-jupiter-engine/5.13.1/junit-jupiter-engine-5.13.1.jar:/home/majed/.m2/repository/org/junit/platform/junit-platform-engine/1.13.1/junit-platform-engine-1.13.1.jar:/home/majed/.m2/repository/org/mockito/mockito-core/5.18.0/mockito-core-5.18.0.jar:/home/majed/.m2/repository/net/bytebuddy/byte-buddy/1.17.6/byte-buddy-1.17.6.jar:/home/majed/.m2/repository/net/bytebuddy/byte-buddy-agent/1.17.6/byte-buddy-agent-1.17.6.jar:/home/majed/.m2/repository/org/objenesis/objenesis/3.3/objenesis-3.3.jar:/home/majed/.m2/repository/org/mockito/mockito-junit-jupiter/5.18.0/mockito-junit-jupiter-5.18.0.jar:"/>
    <property name="java.vm.vendor" value="Red Hat, Inc."/>
    <property name="sun.arch.data.model" value="64"/>
    <property name="java.vendor.url" value="https://www.redhat.com/"/>
    <property name="user.timezone" value="Asia/Dhaka"/>
    <property name="os.name" value="Linux"/>
    <property name="java.vm.specification.version" value="21"/>
    <property name="sun.java.launcher" value="SUN_STANDARD"/>
    <property name="user.country" value="US"/>
    <property name="sun.boot.library.path" value="/usr/lib/jvm/java-21-openjdk/lib"/>
    <property name="sun.java.command" value="/home/majed/storage/legal-connect/backend/legalconnect/target/surefire/surefirebooter-20250714231457531_3.jar /home/majed/storage/legal-connect/backend/legalconnect/target/surefire 2025-07-14T23-14-57_496-jvmRun1 surefire-20250714231457531_1tmp surefire_0-20250714231457531_2tmp"/>
    <property name="jdk.debug" value="release"/>
    <property name="surefire.test.class.path" value="/home/majed/storage/legal-connect/backend/legalconnect/target/test-classes:/home/majed/storage/legal-connect/backend/legalconnect/target/classes:/home/majed/.m2/repository/org/springframework/boot/spring-boot-starter-data-jpa/3.5.3/spring-boot-starter-data-jpa-3.5.3.jar:/home/majed/.m2/repository/org/springframework/boot/spring-boot-starter/3.5.3/spring-boot-starter-3.5.3.jar:/home/majed/.m2/repository/org/springframework/boot/spring-boot/3.5.3/spring-boot-3.5.3.jar:/home/majed/.m2/repository/org/springframework/boot/spring-boot-autoconfigure/3.5.3/spring-boot-autoconfigure-3.5.3.jar:/home/majed/.m2/repository/org/springframework/boot/spring-boot-starter-logging/3.5.3/spring-boot-starter-logging-3.5.3.jar:/home/majed/.m2/repository/ch/qos/logback/logback-classic/1.5.18/logback-classic-1.5.18.jar:/home/majed/.m2/repository/ch/qos/logback/logback-core/1.5.18/logback-core-1.5.18.jar:/home/majed/.m2/repository/org/apache/logging/log4j/log4j-to-slf4j/2.24.3/log4j-to-slf4j-2.24.3.jar:/home/majed/.m2/repository/org/apache/logging/log4j/log4j-api/2.24.3/log4j-api-2.24.3.jar:/home/majed/.m2/repository/org/slf4j/jul-to-slf4j/2.0.17/jul-to-slf4j-2.0.17.jar:/home/majed/.m2/repository/jakarta/annotation/jakarta.annotation-api/2.1.1/jakarta.annotation-api-2.1.1.jar:/home/majed/.m2/repository/org/yaml/snakeyaml/2.4/snakeyaml-2.4.jar:/home/majed/.m2/repository/org/springframework/boot/spring-boot-starter-jdbc/3.5.3/spring-boot-starter-jdbc-3.5.3.jar:/home/majed/.m2/repository/com/zaxxer/HikariCP/6.3.0/HikariCP-6.3.0.jar:/home/majed/.m2/repository/org/springframework/spring-jdbc/6.2.8/spring-jdbc-6.2.8.jar:/home/majed/.m2/repository/org/hibernate/orm/hibernate-core/6.6.18.Final/hibernate-core-6.6.18.Final.jar:/home/majed/.m2/repository/jakarta/persistence/jakarta.persistence-api/3.1.0/jakarta.persistence-api-3.1.0.jar:/home/majed/.m2/repository/jakarta/transaction/jakarta.transaction-api/2.0.1/jakarta.transaction-api-2.0.1.jar:/home/majed/.m2/repository/org/jboss/logging/jboss-logging/3.6.1.Final/jboss-logging-3.6.1.Final.jar:/home/majed/.m2/repository/org/hibernate/common/hibernate-commons-annotations/7.0.3.Final/hibernate-commons-annotations-7.0.3.Final.jar:/home/majed/.m2/repository/io/smallrye/jandex/3.2.0/jandex-3.2.0.jar:/home/majed/.m2/repository/com/fasterxml/classmate/1.7.0/classmate-1.7.0.jar:/home/majed/.m2/repository/org/glassfish/jaxb/jaxb-runtime/4.0.5/jaxb-runtime-4.0.5.jar:/home/majed/.m2/repository/org/glassfish/jaxb/jaxb-core/4.0.5/jaxb-core-4.0.5.jar:/home/majed/.m2/repository/org/glassfish/jaxb/txw2/4.0.5/txw2-4.0.5.jar:/home/majed/.m2/repository/com/sun/istack/istack-commons-runtime/4.1.2/istack-commons-runtime-4.1.2.jar:/home/majed/.m2/repository/jakarta/inject/jakarta.inject-api/2.0.1/jakarta.inject-api-2.0.1.jar:/home/majed/.m2/repository/org/antlr/antlr4-runtime/4.13.0/antlr4-runtime-4.13.0.jar:/home/majed/.m2/repository/org/springframework/data/spring-data-jpa/3.5.1/spring-data-jpa-3.5.1.jar:/home/majed/.m2/repository/org/springframework/data/spring-data-commons/3.5.1/spring-data-commons-3.5.1.jar:/home/majed/.m2/repository/org/springframework/spring-orm/6.2.8/spring-orm-6.2.8.jar:/home/majed/.m2/repository/org/springframework/spring-context/6.2.8/spring-context-6.2.8.jar:/home/majed/.m2/repository/org/springframework/spring-tx/6.2.8/spring-tx-6.2.8.jar:/home/majed/.m2/repository/org/springframework/spring-beans/6.2.8/spring-beans-6.2.8.jar:/home/majed/.m2/repository/org/slf4j/slf4j-api/2.0.17/slf4j-api-2.0.17.jar:/home/majed/.m2/repository/org/springframework/spring-aspects/6.2.8/spring-aspects-6.2.8.jar:/home/majed/.m2/repository/org/aspectj/aspectjweaver/1.9.24/aspectjweaver-1.9.24.jar:/home/majed/.m2/repository/org/springframework/boot/spring-boot-starter-security/3.5.3/spring-boot-starter-security-3.5.3.jar:/home/majed/.m2/repository/org/springframework/spring-aop/6.2.8/spring-aop-6.2.8.jar:/home/majed/.m2/repository/org/springframework/security/spring-security-config/6.5.1/spring-security-config-6.5.1.jar:/home/majed/.m2/repository/org/springframework/security/spring-security-web/6.5.1/spring-security-web-6.5.1.jar:/home/majed/.m2/repository/org/springframework/spring-expression/6.2.8/spring-expression-6.2.8.jar:/home/majed/.m2/repository/org/springframework/boot/spring-boot-starter-web/3.5.3/spring-boot-starter-web-3.5.3.jar:/home/majed/.m2/repository/org/springframework/boot/spring-boot-starter-json/3.5.3/spring-boot-starter-json-3.5.3.jar:/home/majed/.m2/repository/com/fasterxml/jackson/datatype/jackson-datatype-jdk8/2.19.1/jackson-datatype-jdk8-2.19.1.jar:/home/majed/.m2/repository/com/fasterxml/jackson/datatype/jackson-datatype-jsr310/2.19.1/jackson-datatype-jsr310-2.19.1.jar:/home/majed/.m2/repository/com/fasterxml/jackson/module/jackson-module-parameter-names/2.19.1/jackson-module-parameter-names-2.19.1.jar:/home/majed/.m2/repository/org/springframework/boot/spring-boot-starter-tomcat/3.5.3/spring-boot-starter-tomcat-3.5.3.jar:/home/majed/.m2/repository/org/apache/tomcat/embed/tomcat-embed-core/10.1.42/tomcat-embed-core-10.1.42.jar:/home/majed/.m2/repository/org/apache/tomcat/embed/tomcat-embed-websocket/10.1.42/tomcat-embed-websocket-10.1.42.jar:/home/majed/.m2/repository/org/springframework/spring-web/6.2.8/spring-web-6.2.8.jar:/home/majed/.m2/repository/org/springframework/spring-webmvc/6.2.8/spring-webmvc-6.2.8.jar:/home/majed/.m2/repository/org/postgresql/postgresql/42.7.7/postgresql-42.7.7.jar:/home/majed/.m2/repository/org/checkerframework/checker-qual/3.49.3/checker-qual-3.49.3.jar:/home/majed/.m2/repository/org/springframework/boot/spring-boot-starter-test/3.5.3/spring-boot-starter-test-3.5.3.jar:/home/majed/.m2/repository/org/springframework/boot/spring-boot-test/3.5.3/spring-boot-test-3.5.3.jar:/home/majed/.m2/repository/org/springframework/boot/spring-boot-test-autoconfigure/3.5.3/spring-boot-test-autoconfigure-3.5.3.jar:/home/majed/.m2/repository/com/jayway/jsonpath/json-path/2.9.0/json-path-2.9.0.jar:/home/majed/.m2/repository/jakarta/xml/bind/jakarta.xml.bind-api/4.0.2/jakarta.xml.bind-api-4.0.2.jar:/home/majed/.m2/repository/jakarta/activation/jakarta.activation-api/2.1.3/jakarta.activation-api-2.1.3.jar:/home/majed/.m2/repository/net/minidev/json-smart/2.5.2/json-smart-2.5.2.jar:/home/majed/.m2/repository/net/minidev/accessors-smart/2.5.2/accessors-smart-2.5.2.jar:/home/majed/.m2/repository/org/ow2/asm/asm/9.7.1/asm-9.7.1.jar:/home/majed/.m2/repository/org/assertj/assertj-core/3.27.3/assertj-core-3.27.3.jar:/home/majed/.m2/repository/org/awaitility/awaitility/4.2.2/awaitility-4.2.2.jar:/home/majed/.m2/repository/org/hamcrest/hamcrest/3.0/hamcrest-3.0.jar:/home/majed/.m2/repository/org/junit/jupiter/junit-jupiter/5.13.1/junit-jupiter-5.13.1.jar:/home/majed/.m2/repository/org/junit/jupiter/junit-jupiter-params/5.13.1/junit-jupiter-params-5.13.1.jar:/home/majed/.m2/repository/org/skyscreamer/jsonassert/1.5.3/jsonassert-1.5.3.jar:/home/majed/.m2/repository/com/vaadin/external/google/android-json/0.0.20131108.vaadin1/android-json-0.0.20131108.vaadin1.jar:/home/majed/.m2/repository/org/springframework/spring-core/6.2.8/spring-core-6.2.8.jar:/home/majed/.m2/repository/org/springframework/spring-jcl/6.2.8/spring-jcl-6.2.8.jar:/home/majed/.m2/repository/org/springframework/spring-test/6.2.8/spring-test-6.2.8.jar:/home/majed/.m2/repository/org/xmlunit/xmlunit-core/2.10.2/xmlunit-core-2.10.2.jar:/home/majed/.m2/repository/org/springframework/security/spring-security-test/6.5.1/spring-security-test-6.5.1.jar:/home/majed/.m2/repository/org/springframework/security/spring-security-core/6.5.1/spring-security-core-6.5.1.jar:/home/majed/.m2/repository/org/springframework/security/spring-security-crypto/6.5.1/spring-security-crypto-6.5.1.jar:/home/majed/.m2/repository/org/projectlombok/lombok/1.18.38/lombok-1.18.38.jar:/home/majed/.m2/repository/org/springframework/boot/spring-boot-starter-mail/3.5.3/spring-boot-starter-mail-3.5.3.jar:/home/majed/.m2/repository/org/springframework/spring-context-support/6.2.8/spring-context-support-6.2.8.jar:/home/majed/.m2/repository/org/eclipse/angus/jakarta.mail/2.0.3/jakarta.mail-2.0.3.jar:/home/majed/.m2/repository/org/eclipse/angus/angus-activation/2.0.2/angus-activation-2.0.2.jar:/home/majed/.m2/repository/org/springframework/boot/spring-boot-starter-thymeleaf/3.5.3/spring-boot-starter-thymeleaf-3.5.3.jar:/home/majed/.m2/repository/org/thymeleaf/thymeleaf-spring6/3.1.3.RELEASE/thymeleaf-spring6-3.1.3.RELEASE.jar:/home/majed/.m2/repository/org/thymeleaf/thymeleaf/3.1.3.RELEASE/thymeleaf-3.1.3.RELEASE.jar:/home/majed/.m2/repository/org/attoparser/attoparser/2.0.7.RELEASE/attoparser-2.0.7.RELEASE.jar:/home/majed/.m2/repository/org/unbescape/unbescape/1.1.6.RELEASE/unbescape-1.1.6.RELEASE.jar:/home/majed/.m2/repository/org/springframework/boot/spring-boot-starter-data-redis/3.5.3/spring-boot-starter-data-redis-3.5.3.jar:/home/majed/.m2/repository/io/lettuce/lettuce-core/6.6.0.RELEASE/lettuce-core-6.6.0.RELEASE.jar:/home/majed/.m2/repository/redis/clients/authentication/redis-authx-core/0.1.1-beta2/redis-authx-core-0.1.1-beta2.jar:/home/majed/.m2/repository/io/netty/netty-common/4.1.122.Final/netty-common-4.1.122.Final.jar:/home/majed/.m2/repository/io/netty/netty-handler/4.1.122.Final/netty-handler-4.1.122.Final.jar:/home/majed/.m2/repository/io/netty/netty-resolver/4.1.122.Final/netty-resolver-4.1.122.Final.jar:/home/majed/.m2/repository/io/netty/netty-buffer/4.1.122.Final/netty-buffer-4.1.122.Final.jar:/home/majed/.m2/repository/io/netty/netty-transport-native-unix-common/4.1.122.Final/netty-transport-native-unix-common-4.1.122.Final.jar:/home/majed/.m2/repository/io/netty/netty-codec/4.1.122.Final/netty-codec-4.1.122.Final.jar:/home/majed/.m2/repository/io/netty/netty-transport/4.1.122.Final/netty-transport-4.1.122.Final.jar:/home/majed/.m2/repository/io/projectreactor/reactor-core/3.7.7/reactor-core-3.7.7.jar:/home/majed/.m2/repository/org/reactivestreams/reactive-streams/1.0.4/reactive-streams-1.0.4.jar:/home/majed/.m2/repository/org/springframework/data/spring-data-redis/3.5.1/spring-data-redis-3.5.1.jar:/home/majed/.m2/repository/org/springframework/data/spring-data-keyvalue/3.5.1/spring-data-keyvalue-3.5.1.jar:/home/majed/.m2/repository/org/springframework/spring-oxm/6.2.8/spring-oxm-6.2.8.jar:/home/majed/.m2/repository/io/jsonwebtoken/jjwt-api/0.12.6/jjwt-api-0.12.6.jar:/home/majed/.m2/repository/io/jsonwebtoken/jjwt-jackson/0.12.6/jjwt-jackson-0.12.6.jar:/home/majed/.m2/repository/com/fasterxml/jackson/core/jackson-databind/2.19.1/jackson-databind-2.19.1.jar:/home/majed/.m2/repository/com/fasterxml/jackson/core/jackson-annotations/2.19.1/jackson-annotations-2.19.1.jar:/home/majed/.m2/repository/com/fasterxml/jackson/core/jackson-core/2.19.1/jackson-core-2.19.1.jar:/home/majed/.m2/repository/io/jsonwebtoken/jjwt-impl/0.12.6/jjwt-impl-0.12.6.jar:/home/majed/.m2/repository/org/springdoc/springdoc-openapi-starter-webmvc-ui/2.8.9/springdoc-openapi-starter-webmvc-ui-2.8.9.jar:/home/majed/.m2/repository/org/springdoc/springdoc-openapi-starter-webmvc-api/2.8.9/springdoc-openapi-starter-webmvc-api-2.8.9.jar:/home/majed/.m2/repository/org/springdoc/springdoc-openapi-starter-common/2.8.9/springdoc-openapi-starter-common-2.8.9.jar:/home/majed/.m2/repository/io/swagger/core/v3/swagger-core-jakarta/2.2.30/swagger-core-jakarta-2.2.30.jar:/home/majed/.m2/repository/org/apache/commons/commons-lang3/3.17.0/commons-lang3-3.17.0.jar:/home/majed/.m2/repository/io/swagger/core/v3/swagger-annotations-jakarta/2.2.30/swagger-annotations-jakarta-2.2.30.jar:/home/majed/.m2/repository/io/swagger/core/v3/swagger-models-jakarta/2.2.30/swagger-models-jakarta-2.2.30.jar:/home/majed/.m2/repository/com/fasterxml/jackson/dataformat/jackson-dataformat-yaml/2.19.1/jackson-dataformat-yaml-2.19.1.jar:/home/majed/.m2/repository/org/webjars/swagger-ui/5.21.0/swagger-ui-5.21.0.jar:/home/majed/.m2/repository/org/webjars/webjars-locator-lite/1.1.0/webjars-locator-lite-1.1.0.jar:/home/majed/.m2/repository/org/jspecify/jspecify/1.0.0/jspecify-1.0.0.jar:/home/majed/.m2/repository/io/vavr/vavr/0.10.6/vavr-0.10.6.jar:/home/majed/.m2/repository/io/vavr/vavr-match/0.10.6/vavr-match-0.10.6.jar:/home/majed/.m2/repository/com/amazonaws/aws-java-sdk/1.12.787/aws-java-sdk-1.12.787.jar:/home/majed/.m2/repository/com/amazonaws/aws-java-sdk-qapps/1.12.787/aws-java-sdk-qapps-1.12.787.jar:/home/majed/.m2/repository/com/amazonaws/jmespath-java/1.12.787/jmespath-java-1.12.787.jar:/home/majed/.m2/repository/com/amazonaws/aws-java-sdk-apptest/1.12.787/aws-java-sdk-apptest-1.12.787.jar:/home/majed/.m2/repository/com/amazonaws/aws-java-sdk-pcaconnectorscep/1.12.787/aws-java-sdk-pcaconnectorscep-1.12.787.jar:/home/majed/.m2/repository/com/amazonaws/aws-java-sdk-applicationsignals/1.12.787/aws-java-sdk-applicationsignals-1.12.787.jar:/home/majed/.m2/repository/com/amazonaws/aws-java-sdk-taxsettings/1.12.787/aws-java-sdk-taxsettings-1.12.787.jar:/home/majed/.m2/repository/com/amazonaws/aws-java-sdk-mailmanager/1.12.787/aws-java-sdk-mailmanager-1.12.787.jar:/home/majed/.m2/repository/com/amazonaws/aws-java-sdk-route53profiles/1.12.787/aws-java-sdk-route53profiles-1.12.787.jar:/home/majed/.m2/repository/com/amazonaws/aws-java-sdk-controlcatalog/1.12.787/aws-java-sdk-controlcatalog-1.12.787.jar:/home/majed/.m2/repository/com/amazonaws/aws-java-sdk-deadline/1.12.787/aws-java-sdk-deadline-1.12.787.jar:/home/majed/.m2/repository/com/amazonaws/aws-java-sdk-codeconnections/1.12.787/aws-java-sdk-codeconnections-1.12.787.jar:/home/majed/.m2/repository/com/amazonaws/aws-java-sdk-timestreaminfluxdb/1.12.787/aws-java-sdk-timestreaminfluxdb-1.12.787.jar:/home/majed/.m2/repository/com/amazonaws/aws-java-sdk-chatbot/1.12.787/aws-java-sdk-chatbot-1.12.787.jar:/home/majed/.m2/repository/com/amazonaws/aws-java-sdk-artifact/1.12.787/aws-java-sdk-artifact-1.12.787.jar:/home/majed/.m2/repository/com/amazonaws/aws-java-sdk-supplychain/1.12.787/aws-java-sdk-supplychain-1.12.787.jar:/home/majed/.m2/repository/com/amazonaws/aws-java-sdk-networkmonitor/1.12.787/aws-java-sdk-networkmonitor-1.12.787.jar:/home/majed/.m2/repository/com/amazonaws/aws-java-sdk-marketplaceagreement/1.12.787/aws-java-sdk-marketplaceagreement-1.12.787.jar:/home/majed/.m2/repository/com/amazonaws/aws-java-sdk-marketplacedeployment/1.12.787/aws-java-sdk-marketplacedeployment-1.12.787.jar:/home/majed/.m2/repository/com/amazonaws/aws-java-sdk-cleanroomsml/1.12.787/aws-java-sdk-cleanroomsml-1.12.787.jar:/home/majed/.m2/repository/com/amazonaws/aws-java-sdk-bedrockagent/1.12.787/aws-java-sdk-bedrockagent-1.12.787.jar:/home/majed/.m2/repository/com/amazonaws/aws-java-sdk-qconnect/1.12.787/aws-java-sdk-qconnect-1.12.787.jar:/home/majed/.m2/repository/com/amazonaws/aws-java-sdk-qbusiness/1.12.787/aws-java-sdk-qbusiness-1.12.787.jar:/home/majed/.m2/repository/com/amazonaws/aws-java-sdk-bedrockagentruntime/1.12.787/aws-java-sdk-bedrockagentruntime-1.12.787.jar:/home/majed/.m2/repository/com/amazonaws/aws-java-sdk-b2bi/1.12.787/aws-java-sdk-b2bi-1.12.787.jar:/home/majed/.m2/repository/com/amazonaws/aws-java-sdk-workspacesthinclient/1.12.787/aws-java-sdk-workspacesthinclient-1.12.787.jar:/home/majed/.m2/repository/com/amazonaws/aws-java-sdk-eksauth/1.12.787/aws-java-sdk-eksauth-1.12.787.jar:/home/majed/.m2/repository/com/amazonaws/aws-java-sdk-freetier/1.12.787/aws-java-sdk-freetier-1.12.787.jar:/home/majed/.m2/repository/com/amazonaws/aws-java-sdk-bcmdataexports/1.12.787/aws-java-sdk-bcmdataexports-1.12.787.jar:/home/majed/.m2/repository/com/amazonaws/aws-java-sdk-repostspace/1.12.787/aws-java-sdk-repostspace-1.12.787.jar:/home/majed/.m2/repository/com/amazonaws/aws-java-sdk-costoptimizationhub/1.12.787/aws-java-sdk-costoptimizationhub-1.12.787.jar:/home/majed/.m2/repository/com/amazonaws/aws-java-sdk-inspectorscan/1.12.787/aws-java-sdk-inspectorscan-1.12.787.jar:/home/majed/.m2/repository/com/amazonaws/aws-java-sdk-trustedadvisor/1.12.787/aws-java-sdk-trustedadvisor-1.12.787.jar:/home/majed/.m2/repository/com/amazonaws/aws-java-sdk-launchwizard/1.12.787/aws-java-sdk-launchwizard-1.12.787.jar:/home/majed/.m2/repository/com/amazonaws/aws-java-sdk-datazoneexternal/1.12.787/aws-java-sdk-datazoneexternal-1.12.787.jar:/home/majed/.m2/repository/com/amazonaws/aws-java-sdk-bedrock/1.12.787/aws-java-sdk-bedrock-1.12.787.jar:/home/majed/.m2/repository/com/amazonaws/aws-java-sdk-bedrockruntime/1.12.787/aws-java-sdk-bedrockruntime-1.12.787.jar:/home/majed/.m2/repository/com/amazonaws/aws-java-sdk-neptunedata/1.12.787/aws-java-sdk-neptunedata-1.12.787.jar:/home/majed/.m2/repository/com/amazonaws/aws-java-sdk-pcaconnectorad/1.12.787/aws-java-sdk-pcaconnectorad-1.12.787.jar:/home/majed/.m2/repository/com/amazonaws/aws-java-sdk-managedblockchainquery/1.12.787/aws-java-sdk-managedblockchainquery-1.12.787.jar:/home/majed/.m2/repository/com/amazonaws/aws-java-sdk-entityresolution/1.12.787/aws-java-sdk-entityresolution-1.12.787.jar:/home/majed/.m2/repository/com/amazonaws/aws-java-sdk-medicalimaging/1.12.787/aws-java-sdk-medicalimaging-1.12.787.jar:/home/majed/.m2/repository/com/amazonaws/aws-java-sdk-appfabric/1.12.787/aws-java-sdk-appfabric-1.12.787.jar:/home/majed/.m2/repository/com/amazonaws/aws-java-sdk-verifiedpermissions/1.12.787/aws-java-sdk-verifiedpermissions-1.12.787.jar:/home/majed/.m2/repository/com/amazonaws/aws-java-sdk-codegurusecurity/1.12.787/aws-java-sdk-codegurusecurity-1.12.787.jar:/home/majed/.m2/repository/com/amazonaws/aws-java-sdk-paymentcryptography/1.12.787/aws-java-sdk-paymentcryptography-1.12.787.jar:/home/majed/.m2/repository/com/amazonaws/aws-java-sdk-paymentcryptographydata/1.12.787/aws-java-sdk-paymentcryptographydata-1.12.787.jar:/home/majed/.m2/repository/com/amazonaws/aws-java-sdk-mediapackagev2/1.12.787/aws-java-sdk-mediapackagev2-1.12.787.jar:/home/majed/.m2/repository/com/amazonaws/aws-java-sdk-osis/1.12.787/aws-java-sdk-osis-1.12.787.jar:/home/majed/.m2/repository/com/amazonaws/aws-java-sdk-vpclattice/1.12.787/aws-java-sdk-vpclattice-1.12.787.jar:/home/majed/.m2/repository/com/amazonaws/aws-java-sdk-ivsrealtime/1.12.787/aws-java-sdk-ivsrealtime-1.12.787.jar:/home/majed/.m2/repository/com/amazonaws/aws-java-sdk-internetmonitor/1.12.787/aws-java-sdk-internetmonitor-1.12.787.jar:/home/majed/.m2/repository/com/amazonaws/aws-java-sdk-tnb/1.12.787/aws-java-sdk-tnb-1.12.787.jar:/home/majed/.m2/repository/com/amazonaws/aws-java-sdk-cloudtraildata/1.12.787/aws-java-sdk-cloudtraildata-1.12.787.jar:/home/majed/.m2/repository/com/amazonaws/aws-java-sdk-cleanrooms/1.12.787/aws-java-sdk-cleanrooms-1.12.787.jar:/home/majed/.m2/repository/com/amazonaws/aws-java-sdk-kendraranking/1.12.787/aws-java-sdk-kendraranking-1.12.787.jar:/home/majed/.m2/repository/com/amazonaws/aws-java-sdk-licensemanagerlinuxsubscriptions/1.12.787/aws-java-sdk-licensemanagerlinuxsubscriptions-1.12.787.jar:/home/majed/.m2/repository/com/amazonaws/aws-java-sdk-kinesisvideowebrtcstorage/1.12.787/aws-java-sdk-kinesisvideowebrtcstorage-1.12.787.jar:/home/majed/.m2/repository/com/amazonaws/aws-java-sdk-sagemakermetrics/1.12.787/aws-java-sdk-sagemakermetrics-1.12.787.jar:/home/majed/.m2/repository/com/amazonaws/aws-java-sdk-pipes/1.12.787/aws-java-sdk-pipes-1.12.787.jar:/home/majed/.m2/repository/com/amazonaws/aws-java-sdk-sagemakergeospatial/1.12.787/aws-java-sdk-sagemakergeospatial-1.12.787.jar:/home/majed/.m2/repository/com/amazonaws/aws-java-sdk-docdbelastic/1.12.787/aws-java-sdk-docdbelastic-1.12.787.jar:/home/majed/.m2/repository/com/amazonaws/aws-java-sdk-omics/1.12.787/aws-java-sdk-omics-1.12.787.jar:/home/majed/.m2/repository/com/amazonaws/aws-java-sdk-opensearchserverless/1.12.787/aws-java-sdk-opensearchserverless-1.12.787.jar:/home/majed/.m2/repository/com/amazonaws/aws-java-sdk-securitylake/1.12.787/aws-java-sdk-securitylake-1.12.787.jar:/home/majed/.m2/repository/com/amazonaws/aws-java-sdk-simspaceweaver/1.12.787/aws-java-sdk-simspaceweaver-1.12.787.jar:/home/majed/.m2/repository/com/amazonaws/aws-java-sdk-arczonalshift/1.12.787/aws-java-sdk-arczonalshift-1.12.787.jar:/home/majed/.m2/repository/com/amazonaws/aws-java-sdk-oam/1.12.787/aws-java-sdk-oam-1.12.787.jar:/home/majed/.m2/repository/com/amazonaws/aws-java-sdk-chimesdkvoice/1.12.787/aws-java-sdk-chimesdkvoice-1.12.787.jar:/home/majed/.m2/repository/com/amazonaws/aws-java-sdk-ssmsap/1.12.787/aws-java-sdk-ssmsap-1.12.787.jar:/home/majed/.m2/repository/com/amazonaws/aws-java-sdk-scheduler/1.12.787/aws-java-sdk-scheduler-1.12.787.jar:/home/majed/.m2/repository/com/amazonaws/aws-java-sdk-resourceexplorer2/1.12.787/aws-java-sdk-resourceexplorer2-1.12.787.jar:/home/majed/.m2/repository/com/amazonaws/aws-java-sdk-connectcases/1.12.787/aws-java-sdk-connectcases-1.12.787.jar:/home/majed/.m2/repository/com/amazonaws/aws-java-sdk-migrationhuborchestrator/1.12.787/aws-java-sdk-migrationhuborchestrator-1.12.787.jar:/home/majed/.m2/repository/com/amazonaws/aws-java-sdk-iotfleetwise/1.12.787/aws-java-sdk-iotfleetwise-1.12.787.jar:/home/majed/.m2/repository/com/amazonaws/aws-java-sdk-controltower/1.12.787/aws-java-sdk-controltower-1.12.787.jar:/home/majed/.m2/repository/com/amazonaws/aws-java-sdk-supportapp/1.12.787/aws-java-sdk-supportapp-1.12.787.jar:/home/majed/.m2/repository/com/amazonaws/aws-java-sdk-private5g/1.12.787/aws-java-sdk-private5g-1.12.787.jar:/home/majed/.m2/repository/com/amazonaws/aws-java-sdk-licensemanagerusersubscriptions/1.12.787/aws-java-sdk-licensemanagerusersubscriptions-1.12.787.jar:/home/majed/.m2/repository/com/amazonaws/aws-java-sdk-iamrolesanywhere/1.12.787/aws-java-sdk-iamrolesanywhere-1.12.787.jar:/home/majed/.m2/repository/com/amazonaws/aws-java-sdk-redshiftserverless/1.12.787/aws-java-sdk-redshiftserverless-1.12.787.jar:/home/majed/.m2/repository/com/amazonaws/aws-java-sdk-connectcampaign/1.12.787/aws-java-sdk-connectcampaign-1.12.787.jar:/home/majed/.m2/repository/com/amazonaws/aws-java-sdk-mainframemodernization/1.12.787/aws-java-sdk-mainframemodernization-1.12.787.jar:/home/majed/.m2/repository/com/amazonaws/aws-java-sdk-emrserverless/1.12.787/aws-java-sdk-emrserverless-1.12.787.jar:/home/majed/.m2/repository/com/amazonaws/aws-java-sdk-chimesdkmediapipelines/1.12.787/aws-java-sdk-chimesdkmediapipelines-1.12.787.jar:/home/majed/.m2/repository/com/amazonaws/aws-java-sdk-ivschat/1.12.787/aws-java-sdk-ivschat-1.12.787.jar:/home/majed/.m2/repository/com/amazonaws/aws-java-sdk-pinpointsmsvoicev2/1.12.787/aws-java-sdk-pinpointsmsvoicev2-1.12.787.jar:/home/majed/.m2/repository/com/amazonaws/aws-java-sdk-billingconductor/1.12.787/aws-java-sdk-billingconductor-1.12.787.jar:/home/majed/.m2/repository/com/amazonaws/aws-java-sdk-keyspaces/1.12.787/aws-java-sdk-keyspaces-1.12.787.jar:/home/majed/.m2/repository/com/amazonaws/aws-java-sdk-amplifyuibuilder/1.12.787/aws-java-sdk-amplifyuibuilder-1.12.787.jar:/home/majed/.m2/repository/com/amazonaws/aws-java-sdk-backupgateway/1.12.787/aws-java-sdk-backupgateway-1.12.787.jar:/home/majed/.m2/repository/com/amazonaws/aws-java-sdk-workspacesweb/1.12.787/aws-java-sdk-workspacesweb-1.12.787.jar:/home/majed/.m2/repository/com/amazonaws/aws-java-sdk-iottwinmaker/1.12.787/aws-java-sdk-iottwinmaker-1.12.787.jar:/home/majed/.m2/repository/com/amazonaws/aws-java-sdk-recyclebin/1.12.787/aws-java-sdk-recyclebin-1.12.787.jar:/home/majed/.m2/repository/com/amazonaws/aws-java-sdk-cloudwatchrum/1.12.787/aws-java-sdk-cloudwatchrum-1.12.787.jar:/home/majed/.m2/repository/com/amazonaws/aws-java-sdk-cloudwatchevidently/1.12.787/aws-java-sdk-cloudwatchevidently-1.12.787.jar:/home/majed/.m2/repository/com/amazonaws/aws-java-sdk-inspector2/1.12.787/aws-java-sdk-inspector2-1.12.787.jar:/home/majed/.m2/repository/com/amazonaws/aws-java-sdk-migrationhubrefactorspaces/1.12.787/aws-java-sdk-migrationhubrefactorspaces-1.12.787.jar:/home/majed/.m2/repository/com/amazonaws/aws-java-sdk-appconfigdata/1.12.787/aws-java-sdk-appconfigdata-1.12.787.jar:/home/majed/.m2/repository/com/amazonaws/aws-java-sdk-drs/1.12.787/aws-java-sdk-drs-1.12.787.jar:/home/majed/.m2/repository/com/amazonaws/aws-java-sdk-migrationhubstrategyrecommendations/1.12.787/aws-java-sdk-migrationhubstrategyrecommendations-1.12.787.jar:/home/majed/.m2/repository/com/amazonaws/aws-java-sdk-resiliencehub/1.12.787/aws-java-sdk-resiliencehub-1.12.787.jar:/home/majed/.m2/repository/com/amazonaws/aws-java-sdk-chimesdkmeetings/1.12.787/aws-java-sdk-chimesdkmeetings-1.12.787.jar:/home/majed/.m2/repository/com/amazonaws/aws-java-sdk-panorama/1.12.787/aws-java-sdk-panorama-1.12.787.jar:/home/majed/.m2/repository/com/amazonaws/aws-java-sdk-managedgrafana/1.12.787/aws-java-sdk-managedgrafana-1.12.787.jar:/home/majed/.m2/repository/com/amazonaws/aws-java-sdk-cloudcontrolapi/1.12.787/aws-java-sdk-cloudcontrolapi-1.12.787.jar:/home/majed/.m2/repository/com/amazonaws/aws-java-sdk-account/1.12.787/aws-java-sdk-account-1.12.787.jar:/home/majed/.m2/repository/com/amazonaws/aws-java-sdk-voiceid/1.12.787/aws-java-sdk-voiceid-1.12.787.jar:/home/majed/.m2/repository/com/amazonaws/aws-java-sdk-connectwisdom/1.12.787/aws-java-sdk-connectwisdom-1.12.787.jar:/home/majed/.m2/repository/com/amazonaws/aws-java-sdk-kafkaconnect/1.12.787/aws-java-sdk-kafkaconnect-1.12.787.jar:/home/majed/.m2/repository/com/amazonaws/aws-java-sdk-opensearch/1.12.787/aws-java-sdk-opensearch-1.12.787.jar:/home/majed/.m2/repository/com/amazonaws/aws-java-sdk-memorydb/1.12.787/aws-java-sdk-memorydb-1.12.787.jar:/home/majed/.m2/repository/com/amazonaws/aws-java-sdk-snowdevicemanagement/1.12.787/aws-java-sdk-snowdevicemanagement-1.12.787.jar:/home/majed/.m2/repository/com/amazonaws/aws-java-sdk-chimesdkidentity/1.12.787/aws-java-sdk-chimesdkidentity-1.12.787.jar:/home/majed/.m2/repository/com/amazonaws/aws-java-sdk-chimesdkmessaging/1.12.787/aws-java-sdk-chimesdkmessaging-1.12.787.jar:/home/majed/.m2/repository/com/amazonaws/aws-java-sdk-route53recoverycluster/1.12.787/aws-java-sdk-route53recoverycluster-1.12.787.jar:/home/majed/.m2/repository/com/amazonaws/aws-java-sdk-route53recoverycontrolconfig/1.12.787/aws-java-sdk-route53recoverycontrolconfig-1.12.787.jar:/home/majed/.m2/repository/com/amazonaws/aws-java-sdk-route53recoveryreadiness/1.12.787/aws-java-sdk-route53recoveryreadiness-1.12.787.jar:/home/majed/.m2/repository/com/amazonaws/aws-java-sdk-proton/1.12.787/aws-java-sdk-proton-1.12.787.jar:/home/majed/.m2/repository/com/amazonaws/aws-java-sdk-apprunner/1.12.787/aws-java-sdk-apprunner-1.12.787.jar:/home/majed/.m2/repository/com/amazonaws/aws-java-sdk-applicationcostprofiler/1.12.787/aws-java-sdk-applicationcostprofiler-1.12.787.jar:/home/majed/.m2/repository/com/amazonaws/aws-java-sdk-ssmcontacts/1.12.787/aws-java-sdk-ssmcontacts-1.12.787.jar:/home/majed/.m2/repository/com/amazonaws/aws-java-sdk-ssmincidents/1.12.787/aws-java-sdk-ssmincidents-1.12.787.jar:/home/majed/.m2/repository/com/amazonaws/aws-java-sdk-finspacedata/1.12.787/aws-java-sdk-finspacedata-1.12.787.jar:/home/majed/.m2/repository/com/amazonaws/aws-java-sdk-finspace/1.12.787/aws-java-sdk-finspace-1.12.787.jar:/home/majed/.m2/repository/com/amazonaws/aws-java-sdk-nimblestudio/1.12.787/aws-java-sdk-nimblestudio-1.12.787.jar:/home/majed/.m2/repository/com/amazonaws/aws-java-sdk-lookoutequipment/1.12.787/aws-java-sdk-lookoutequipment-1.12.787.jar:/home/majed/.m2/repository/com/amazonaws/aws-java-sdk-mgn/1.12.787/aws-java-sdk-mgn-1.12.787.jar:/home/majed/.m2/repository/com/amazonaws/aws-java-sdk-lookoutmetrics/1.12.787/aws-java-sdk-lookoutmetrics-1.12.787.jar:/home/majed/.m2/repository/com/amazonaws/aws-java-sdk-fis/1.12.787/aws-java-sdk-fis-1.12.787.jar:/home/majed/.m2/repository/com/amazonaws/aws-java-sdk-lexmodelsv2/1.12.787/aws-java-sdk-lexmodelsv2-1.12.787.jar:/home/majed/.m2/repository/com/amazonaws/aws-java-sdk-lexruntimev2/1.12.787/aws-java-sdk-lexruntimev2-1.12.787.jar:/home/majed/.m2/repository/com/amazonaws/aws-java-sdk-wellarchitected/1.12.787/aws-java-sdk-wellarchitected-1.12.787.jar:/home/majed/.m2/repository/com/amazonaws/aws-java-sdk-location/1.12.787/aws-java-sdk-location-1.12.787.jar:/home/majed/.m2/repository/com/amazonaws/aws-java-sdk-iotdeviceadvisor/1.12.787/aws-java-sdk-iotdeviceadvisor-1.12.787.jar:/home/majed/.m2/repository/com/amazonaws/aws-java-sdk-iotfleethub/1.12.787/aws-java-sdk-iotfleethub-1.12.787.jar:/home/majed/.m2/repository/com/amazonaws/aws-java-sdk-iotwireless/1.12.787/aws-java-sdk-iotwireless-1.12.787.jar:/home/majed/.m2/repository/com/amazonaws/aws-java-sdk-greengrassv2/1.12.787/aws-java-sdk-greengrassv2-1.12.787.jar:/home/majed/.m2/repository/com/amazonaws/aws-java-sdk-prometheus/1.12.787/aws-java-sdk-prometheus-1.12.787.jar:/home/majed/.m2/repository/com/amazonaws/aws-java-sdk-auditmanager/1.12.787/aws-java-sdk-auditmanager-1.12.787.jar:/home/majed/.m2/repository/com/amazonaws/aws-java-sdk-healthlake/1.12.787/aws-java-sdk-healthlake-1.12.787.jar:/home/majed/.m2/repository/com/amazonaws/aws-java-sdk-sagemakeredgemanager/1.12.787/aws-java-sdk-sagemakeredgemanager-1.12.787.jar:/home/majed/.m2/repository/com/amazonaws/aws-java-sdk-emrcontainers/1.12.787/aws-java-sdk-emrcontainers-1.12.787.jar:/home/majed/.m2/repository/com/amazonaws/aws-java-sdk-customerprofiles/1.12.787/aws-java-sdk-customerprofiles-1.12.787.jar:/home/majed/.m2/repository/com/amazonaws/aws-java-sdk-lookoutforvision/1.12.787/aws-java-sdk-lookoutforvision-1.12.787.jar:/home/majed/.m2/repository/com/amazonaws/aws-java-sdk-connectcontactlens/1.12.787/aws-java-sdk-connectcontactlens-1.12.787.jar:/home/majed/.m2/repository/com/amazonaws/aws-java-sdk-amplifybackend/1.12.787/aws-java-sdk-amplifybackend-1.12.787.jar:/home/majed/.m2/repository/com/amazonaws/aws-java-sdk-ecrpublic/1.12.787/aws-java-sdk-ecrpublic-1.12.787.jar:/home/majed/.m2/repository/com/amazonaws/aws-java-sdk-appintegrations/1.12.787/aws-java-sdk-appintegrations-1.12.787.jar:/home/majed/.m2/repository/com/amazonaws/aws-java-sdk-sagemakerfeaturestoreruntime/1.12.787/aws-java-sdk-sagemakerfeaturestoreruntime-1.12.787.jar:/home/majed/.m2/repository/com/amazonaws/aws-java-sdk-devopsguru/1.12.787/aws-java-sdk-devopsguru-1.12.787.jar:/home/majed/.m2/repository/com/amazonaws/aws-java-sdk-mwaa/1.12.787/aws-java-sdk-mwaa-1.12.787.jar:/home/majed/.m2/repository/com/amazonaws/aws-java-sdk-networkfirewall/1.12.787/aws-java-sdk-networkfirewall-1.12.787.jar:/home/majed/.m2/repository/com/amazonaws/aws-java-sdk-appregistry/1.12.787/aws-java-sdk-appregistry-1.12.787.jar:/home/majed/.m2/repository/com/amazonaws/aws-java-sdk-gluedatabrew/1.12.787/aws-java-sdk-gluedatabrew-1.12.787.jar:/home/majed/.m2/repository/com/amazonaws/aws-java-sdk-s3outposts/1.12.787/aws-java-sdk-s3outposts-1.12.787.jar:/home/majed/.m2/repository/com/amazonaws/aws-java-sdk-timestreamquery/1.12.787/aws-java-sdk-timestreamquery-1.12.787.jar:/home/majed/.m2/repository/com/amazonaws/aws-java-sdk-timestreamwrite/1.12.787/aws-java-sdk-timestreamwrite-1.12.787.jar:/home/majed/.m2/repository/com/amazonaws/aws-java-sdk-ssoadmin/1.12.787/aws-java-sdk-ssoadmin-1.12.787.jar:/home/majed/.m2/repository/com/amazonaws/aws-java-sdk-redshiftdataapi/1.12.787/aws-java-sdk-redshiftdataapi-1.12.787.jar:/home/majed/.m2/repository/com/amazonaws/aws-java-sdk-appflow/1.12.787/aws-java-sdk-appflow-1.12.787.jar:/home/majed/.m2/repository/com/amazonaws/aws-java-sdk-identitystore/1.12.787/aws-java-sdk-identitystore-1.12.787.jar:/home/majed/.m2/repository/com/amazonaws/aws-java-sdk-braket/1.12.787/aws-java-sdk-braket-1.12.787.jar:/home/majed/.m2/repository/com/amazonaws/aws-java-sdk-ivs/1.12.787/aws-java-sdk-ivs-1.12.787.jar:/home/majed/.m2/repository/com/amazonaws/aws-java-sdk-codeartifact/1.12.787/aws-java-sdk-codeartifact-1.12.787.jar:/home/majed/.m2/repository/com/amazonaws/aws-java-sdk-macie2/1.12.787/aws-java-sdk-macie2-1.12.787.jar:/home/majed/.m2/repository/com/amazonaws/aws-java-sdk-iotsitewise/1.12.787/aws-java-sdk-iotsitewise-1.12.787.jar:/home/majed/.m2/repository/com/amazonaws/aws-java-sdk-synthetics/1.12.787/aws-java-sdk-synthetics-1.12.787.jar:/home/majed/.m2/repository/com/amazonaws/aws-java-sdk-codestarconnections/1.12.787/aws-java-sdk-codestarconnections-1.12.787.jar:/home/majed/.m2/repository/com/amazonaws/aws-java-sdk-detective/1.12.787/aws-java-sdk-detective-1.12.787.jar:/home/majed/.m2/repository/com/amazonaws/aws-java-sdk-kinesisvideosignalingchannels/1.12.787/aws-java-sdk-kinesisvideosignalingchannels-1.12.787.jar:/home/majed/.m2/repository/com/amazonaws/aws-java-sdk-ebs/1.12.787/aws-java-sdk-ebs-1.12.787.jar:/home/majed/.m2/repository/com/amazonaws/aws-java-sdk-augmentedairuntime/1.12.787/aws-java-sdk-augmentedairuntime-1.12.787.jar:/home/majed/.m2/repository/com/amazonaws/aws-java-sdk-outposts/1.12.787/aws-java-sdk-outposts-1.12.787.jar:/home/majed/.m2/repository/com/amazonaws/aws-java-sdk-codeguruprofiler/1.12.787/aws-java-sdk-codeguruprofiler-1.12.787.jar:/home/majed/.m2/repository/com/amazonaws/aws-java-sdk-codegurureviewer/1.12.787/aws-java-sdk-codegurureviewer-1.12.787.jar:/home/majed/.m2/repository/com/amazonaws/aws-java-sdk-frauddetector/1.12.787/aws-java-sdk-frauddetector-1.12.787.jar:/home/majed/.m2/repository/com/amazonaws/aws-java-sdk-kendra/1.12.787/aws-java-sdk-kendra-1.12.787.jar:/home/majed/.m2/repository/com/amazonaws/aws-java-sdk-networkmanager/1.12.787/aws-java-sdk-networkmanager-1.12.787.jar:/home/majed/.m2/repository/com/amazonaws/aws-java-sdk-computeoptimizer/1.12.787/aws-java-sdk-computeoptimizer-1.12.787.jar:/home/majed/.m2/repository/com/amazonaws/aws-java-sdk-accessanalyzer/1.12.787/aws-java-sdk-accessanalyzer-1.12.787.jar:/home/majed/.m2/repository/com/amazonaws/aws-java-sdk-schemas/1.12.787/aws-java-sdk-schemas-1.12.787.jar:/home/majed/.m2/repository/com/amazonaws/aws-java-sdk-imagebuilder/1.12.787/aws-java-sdk-imagebuilder-1.12.787.jar:/home/majed/.m2/repository/com/amazonaws/aws-java-sdk-elasticinference/1.12.787/aws-java-sdk-elasticinference-1.12.787.jar:/home/majed/.m2/repository/com/amazonaws/aws-java-sdk-iotsecuretunneling/1.12.787/aws-java-sdk-iotsecuretunneling-1.12.787.jar:/home/majed/.m2/repository/com/amazonaws/aws-java-sdk-appconfig/1.12.787/aws-java-sdk-appconfig-1.12.787.jar:/home/majed/.m2/repository/com/amazonaws/aws-java-sdk-wafv2/1.12.787/aws-java-sdk-wafv2-1.12.787.jar:/home/majed/.m2/repository/com/amazonaws/aws-java-sdk-connectparticipant/1.12.787/aws-java-sdk-connectparticipant-1.12.787.jar:/home/majed/.m2/repository/com/amazonaws/aws-java-sdk-migrationhubconfig/1.12.787/aws-java-sdk-migrationhubconfig-1.12.787.jar:/home/majed/.m2/repository/com/amazonaws/aws-java-sdk-dataexchange/1.12.787/aws-java-sdk-dataexchange-1.12.787.jar:/home/majed/.m2/repository/com/amazonaws/aws-java-sdk-sesv2/1.12.787/aws-java-sdk-sesv2-1.12.787.jar:/home/majed/.m2/repository/com/amazonaws/aws-java-sdk-marketplacecatalog/1.12.787/aws-java-sdk-marketplacecatalog-1.12.787.jar:/home/majed/.m2/repository/com/amazonaws/aws-java-sdk-ssooidc/1.12.787/aws-java-sdk-ssooidc-1.12.787.jar:/home/majed/.m2/repository/com/amazonaws/aws-java-sdk-sso/1.12.787/aws-java-sdk-sso-1.12.787.jar:/home/majed/.m2/repository/com/amazonaws/aws-java-sdk-savingsplans/1.12.787/aws-java-sdk-savingsplans-1.12.787.jar:/home/majed/.m2/repository/com/amazonaws/aws-java-sdk-codestarnotifications/1.12.787/aws-java-sdk-codestarnotifications-1.12.787.jar:/home/majed/.m2/repository/com/amazonaws/aws-java-sdk-workmailmessageflow/1.12.787/aws-java-sdk-workmailmessageflow-1.12.787.jar:/home/majed/.m2/repository/com/amazonaws/aws-java-sdk-qldbsession/1.12.787/aws-java-sdk-qldbsession-1.12.787.jar:/home/majed/.m2/repository/com/amazonaws/aws-java-sdk-qldb/1.12.787/aws-java-sdk-qldb-1.12.787.jar:/home/majed/.m2/repository/com/amazonaws/aws-java-sdk-forecastquery/1.12.787/aws-java-sdk-forecastquery-1.12.787.jar:/home/majed/.m2/repository/com/amazonaws/aws-java-sdk-forecast/1.12.787/aws-java-sdk-forecast-1.12.787.jar:/home/majed/.m2/repository/com/amazonaws/aws-java-sdk-lakeformation/1.12.787/aws-java-sdk-lakeformation-1.12.787.jar:/home/majed/.m2/repository/com/amazonaws/aws-java-sdk-eventbridge/1.12.787/aws-java-sdk-eventbridge-1.12.787.jar:/home/majed/.m2/repository/com/amazonaws/aws-java-sdk-ec2instanceconnect/1.12.787/aws-java-sdk-ec2instanceconnect-1.12.787.jar:/home/majed/.m2/repository/com/amazonaws/aws-java-sdk-applicationinsights/1.12.787/aws-java-sdk-applicationinsights-1.12.787.jar:/home/majed/.m2/repository/com/amazonaws/aws-java-sdk-servicequotas/1.12.787/aws-java-sdk-servicequotas-1.12.787.jar:/home/majed/.m2/repository/com/amazonaws/aws-java-sdk-personalizeevents/1.12.787/aws-java-sdk-personalizeevents-1.12.787.jar:/home/majed/.m2/repository/com/amazonaws/aws-java-sdk-personalize/1.12.787/aws-java-sdk-personalize-1.12.787.jar:/home/majed/.m2/repository/com/amazonaws/aws-java-sdk-personalizeruntime/1.12.787/aws-java-sdk-personalizeruntime-1.12.787.jar:/home/majed/.m2/repository/com/amazonaws/aws-java-sdk-ioteventsdata/1.12.787/aws-java-sdk-ioteventsdata-1.12.787.jar:/home/majed/.m2/repository/com/amazonaws/aws-java-sdk-iotevents/1.12.787/aws-java-sdk-iotevents-1.12.787.jar:/home/majed/.m2/repository/com/amazonaws/aws-java-sdk-iotthingsgraph/1.12.787/aws-java-sdk-iotthingsgraph-1.12.787.jar:/home/majed/.m2/repository/com/amazonaws/aws-java-sdk-groundstation/1.12.787/aws-java-sdk-groundstation-1.12.787.jar:/home/majed/.m2/repository/com/amazonaws/aws-java-sdk-mediapackagevod/1.12.787/aws-java-sdk-mediapackagevod-1.12.787.jar:/home/majed/.m2/repository/com/amazonaws/aws-java-sdk-managedblockchain/1.12.787/aws-java-sdk-managedblockchain-1.12.787.jar:/home/majed/.m2/repository/com/amazonaws/aws-java-sdk-textract/1.12.787/aws-java-sdk-textract-1.12.787.jar:/home/majed/.m2/repository/com/amazonaws/aws-java-sdk-worklink/1.12.787/aws-java-sdk-worklink-1.12.787.jar:/home/majed/.m2/repository/com/amazonaws/aws-java-sdk-backup/1.12.787/aws-java-sdk-backup-1.12.787.jar:/home/majed/.m2/repository/com/amazonaws/aws-java-sdk-docdb/1.12.787/aws-java-sdk-docdb-1.12.787.jar:/home/majed/.m2/repository/com/amazonaws/aws-java-sdk-apigatewayv2/1.12.787/aws-java-sdk-apigatewayv2-1.12.787.jar:/home/majed/.m2/repository/com/amazonaws/aws-java-sdk-apigatewaymanagementapi/1.12.787/aws-java-sdk-apigatewaymanagementapi-1.12.787.jar:/home/majed/.m2/repository/com/amazonaws/aws-java-sdk-kafka/1.12.787/aws-java-sdk-kafka-1.12.787.jar:/home/majed/.m2/repository/com/amazonaws/aws-java-sdk-appmesh/1.12.787/aws-java-sdk-appmesh-1.12.787.jar:/home/majed/.m2/repository/com/amazonaws/aws-java-sdk-licensemanager/1.12.787/aws-java-sdk-licensemanager-1.12.787.jar:/home/majed/.m2/repository/com/amazonaws/aws-java-sdk-securityhub/1.12.787/aws-java-sdk-securityhub-1.12.787.jar:/home/majed/.m2/repository/com/amazonaws/aws-java-sdk-fsx/1.12.787/aws-java-sdk-fsx-1.12.787.jar:/home/majed/.m2/repository/com/amazonaws/aws-java-sdk-mediaconnect/1.12.787/aws-java-sdk-mediaconnect-1.12.787.jar:/home/majed/.m2/repository/com/amazonaws/aws-java-sdk-kinesisanalyticsv2/1.12.787/aws-java-sdk-kinesisanalyticsv2-1.12.787.jar:/home/majed/.m2/repository/com/amazonaws/aws-java-sdk-comprehendmedical/1.12.787/aws-java-sdk-comprehendmedical-1.12.787.jar:/home/majed/.m2/repository/com/amazonaws/aws-java-sdk-globalaccelerator/1.12.787/aws-java-sdk-globalaccelerator-1.12.787.jar:/home/majed/.m2/repository/com/amazonaws/aws-java-sdk-transfer/1.12.787/aws-java-sdk-transfer-1.12.787.jar:/home/majed/.m2/repository/com/amazonaws/aws-java-sdk-datasync/1.12.787/aws-java-sdk-datasync-1.12.787.jar:/home/majed/.m2/repository/com/amazonaws/aws-java-sdk-robomaker/1.12.787/aws-java-sdk-robomaker-1.12.787.jar:/home/majed/.m2/repository/com/amazonaws/aws-java-sdk-amplify/1.12.787/aws-java-sdk-amplify-1.12.787.jar:/home/majed/.m2/repository/com/amazonaws/aws-java-sdk-quicksight/1.12.787/aws-java-sdk-quicksight-1.12.787.jar:/home/majed/.m2/repository/com/amazonaws/aws-java-sdk-rdsdata/1.12.787/aws-java-sdk-rdsdata-1.12.787.jar:/home/majed/.m2/repository/com/amazonaws/aws-java-sdk-route53resolver/1.12.787/aws-java-sdk-route53resolver-1.12.787.jar:/home/majed/.m2/repository/com/amazonaws/aws-java-sdk-ram/1.12.787/aws-java-sdk-ram-1.12.787.jar:/home/majed/.m2/repository/com/amazonaws/aws-java-sdk-s3control/1.12.787/aws-java-sdk-s3control-1.12.787.jar:/home/majed/.m2/repository/com/amazonaws/aws-java-sdk-pinpointsmsvoice/1.12.787/aws-java-sdk-pinpointsmsvoice-1.12.787.jar:/home/majed/.m2/repository/com/amazonaws/aws-java-sdk-pinpointemail/1.12.787/aws-java-sdk-pinpointemail-1.12.787.jar:/home/majed/.m2/repository/com/amazonaws/aws-java-sdk-chime/1.12.787/aws-java-sdk-chime-1.12.787.jar:/home/majed/.m2/repository/com/amazonaws/aws-java-sdk-signer/1.12.787/aws-java-sdk-signer-1.12.787.jar:/home/majed/.m2/repository/com/amazonaws/aws-java-sdk-dlm/1.12.787/aws-java-sdk-dlm-1.12.787.jar:/home/majed/.m2/repository/com/amazonaws/aws-java-sdk-eks/1.12.787/aws-java-sdk-eks-1.12.787.jar:/home/majed/.m2/repository/com/amazonaws/aws-java-sdk-mediatailor/1.12.787/aws-java-sdk-mediatailor-1.12.787.jar:/home/majed/.m2/repository/com/amazonaws/aws-java-sdk-neptune/1.12.787/aws-java-sdk-neptune-1.12.787.jar:/home/majed/.m2/repository/com/amazonaws/aws-java-sdk-pi/1.12.787/aws-java-sdk-pi-1.12.787.jar:/home/majed/.m2/repository/com/amazonaws/aws-java-sdk-iot1clickprojects/1.12.787/aws-java-sdk-iot1clickprojects-1.12.787.jar:/home/majed/.m2/repository/com/amazonaws/aws-java-sdk-iot1clickdevices/1.12.787/aws-java-sdk-iot1clickdevices-1.12.787.jar:/home/majed/.m2/repository/com/amazonaws/aws-java-sdk-iotanalytics/1.12.787/aws-java-sdk-iotanalytics-1.12.787.jar:/home/majed/.m2/repository/com/amazonaws/aws-java-sdk-acmpca/1.12.787/aws-java-sdk-acmpca-1.12.787.jar:/home/majed/.m2/repository/com/amazonaws/aws-java-sdk-secretsmanager/1.12.787/aws-java-sdk-secretsmanager-1.12.787.jar:/home/majed/.m2/repository/com/amazonaws/aws-java-sdk-fms/1.12.787/aws-java-sdk-fms-1.12.787.jar:/home/majed/.m2/repository/com/amazonaws/aws-java-sdk-connect/1.12.787/aws-java-sdk-connect-1.12.787.jar:/home/majed/.m2/repository/com/amazonaws/aws-java-sdk-transcribe/1.12.787/aws-java-sdk-transcribe-1.12.787.jar:/home/majed/.m2/repository/com/amazonaws/aws-java-sdk-autoscalingplans/1.12.787/aws-java-sdk-autoscalingplans-1.12.787.jar:/home/majed/.m2/repository/com/amazonaws/aws-java-sdk-workmail/1.12.787/aws-java-sdk-workmail-1.12.787.jar:/home/majed/.m2/repository/com/amazonaws/aws-java-sdk-servicediscovery/1.12.787/aws-java-sdk-servicediscovery-1.12.787.jar:/home/majed/.m2/repository/com/amazonaws/aws-java-sdk-cloud9/1.12.787/aws-java-sdk-cloud9-1.12.787.jar:/home/majed/.m2/repository/com/amazonaws/aws-java-sdk-serverlessapplicationrepository/1.12.787/aws-java-sdk-serverlessapplicationrepository-1.12.787.jar:/home/majed/.m2/repository/com/amazonaws/aws-java-sdk-resourcegroups/1.12.787/aws-java-sdk-resourcegroups-1.12.787.jar:/home/majed/.m2/repository/com/amazonaws/aws-java-sdk-comprehend/1.12.787/aws-java-sdk-comprehend-1.12.787.jar:/home/majed/.m2/repository/com/amazonaws/aws-java-sdk-translate/1.12.787/aws-java-sdk-translate-1.12.787.jar:/home/majed/.m2/repository/com/amazonaws/aws-java-sdk-sagemaker/1.12.787/aws-java-sdk-sagemaker-1.12.787.jar:/home/majed/.m2/repository/com/amazonaws/aws-java-sdk-iotjobsdataplane/1.12.787/aws-java-sdk-iotjobsdataplane-1.12.787.jar:/home/majed/.m2/repository/com/amazonaws/aws-java-sdk-sagemakerruntime/1.12.787/aws-java-sdk-sagemakerruntime-1.12.787.jar:/home/majed/.m2/repository/com/amazonaws/aws-java-sdk-kinesisvideo/1.12.787/aws-java-sdk-kinesisvideo-1.12.787.jar:/home/majed/.m2/repository/io/netty/netty-codec-http/4.1.122.Final/netty-codec-http-4.1.122.Final.jar:/home/majed/.m2/repository/com/amazonaws/aws-java-sdk-appsync/1.12.787/aws-java-sdk-appsync-1.12.787.jar:/home/majed/.m2/repository/com/amazonaws/aws-java-sdk-guardduty/1.12.787/aws-java-sdk-guardduty-1.12.787.jar:/home/majed/.m2/repository/com/amazonaws/aws-java-sdk-mq/1.12.787/aws-java-sdk-mq-1.12.787.jar:/home/majed/.m2/repository/com/amazonaws/aws-java-sdk-mediaconvert/1.12.787/aws-java-sdk-mediaconvert-1.12.787.jar:/home/majed/.m2/repository/com/amazonaws/aws-java-sdk-mediastore/1.12.787/aws-java-sdk-mediastore-1.12.787.jar:/home/majed/.m2/repository/com/amazonaws/aws-java-sdk-mediastoredata/1.12.787/aws-java-sdk-mediastoredata-1.12.787.jar:/home/majed/.m2/repository/com/amazonaws/aws-java-sdk-medialive/1.12.787/aws-java-sdk-medialive-1.12.787.jar:/home/majed/.m2/repository/com/amazonaws/aws-java-sdk-mediapackage/1.12.787/aws-java-sdk-mediapackage-1.12.787.jar:/home/majed/.m2/repository/com/amazonaws/aws-java-sdk-costexplorer/1.12.787/aws-java-sdk-costexplorer-1.12.787.jar:/home/majed/.m2/repository/com/amazonaws/aws-java-sdk-pricing/1.12.787/aws-java-sdk-pricing-1.12.787.jar:/home/majed/.m2/repository/com/amazonaws/aws-java-sdk-cloudhsmv2/1.12.787/aws-java-sdk-cloudhsmv2-1.12.787.jar:/home/majed/.m2/repository/com/amazonaws/aws-java-sdk-glue/1.12.787/aws-java-sdk-glue-1.12.787.jar:/home/majed/.m2/repository/com/amazonaws/aws-java-sdk-migrationhub/1.12.787/aws-java-sdk-migrationhub-1.12.787.jar:/home/majed/.m2/repository/com/amazonaws/aws-java-sdk-dax/1.12.787/aws-java-sdk-dax-1.12.787.jar:/home/majed/.m2/repository/com/amazonaws/aws-java-sdk-greengrass/1.12.787/aws-java-sdk-greengrass-1.12.787.jar:/home/majed/.m2/repository/com/amazonaws/aws-java-sdk-athena/1.12.787/aws-java-sdk-athena-1.12.787.jar:/home/majed/.m2/repository/com/amazonaws/aws-java-sdk-marketplaceentitlement/1.12.787/aws-java-sdk-marketplaceentitlement-1.12.787.jar:/home/majed/.m2/repository/com/amazonaws/aws-java-sdk-codestar/1.12.787/aws-java-sdk-codestar-1.12.787.jar:/home/majed/.m2/repository/com/amazonaws/aws-java-sdk-lexmodelbuilding/1.12.787/aws-java-sdk-lexmodelbuilding-1.12.787.jar:/home/majed/.m2/repository/com/amazonaws/aws-java-sdk-resourcegroupstaggingapi/1.12.787/aws-java-sdk-resourcegroupstaggingapi-1.12.787.jar:/home/majed/.m2/repository/com/amazonaws/aws-java-sdk-pinpoint/1.12.787/aws-java-sdk-pinpoint-1.12.787.jar:/home/majed/.m2/repository/com/amazonaws/aws-java-sdk-xray/1.12.787/aws-java-sdk-xray-1.12.787.jar:/home/majed/.m2/repository/com/amazonaws/aws-java-sdk-opsworkscm/1.12.787/aws-java-sdk-opsworkscm-1.12.787.jar:/home/majed/.m2/repository/com/amazonaws/aws-java-sdk-support/1.12.787/aws-java-sdk-support-1.12.787.jar:/home/majed/.m2/repository/com/amazonaws/aws-java-sdk-simpledb/1.12.787/aws-java-sdk-simpledb-1.12.787.jar:/home/majed/.m2/repository/com/amazonaws/aws-java-sdk-servicecatalog/1.12.787/aws-java-sdk-servicecatalog-1.12.787.jar:/home/majed/.m2/repository/com/amazonaws/aws-java-sdk-servermigration/1.12.787/aws-java-sdk-servermigration-1.12.787.jar:/home/majed/.m2/repository/com/amazonaws/aws-java-sdk-simpleworkflow/1.12.787/aws-java-sdk-simpleworkflow-1.12.787.jar:/home/majed/.m2/repository/com/amazonaws/aws-java-sdk-storagegateway/1.12.787/aws-java-sdk-storagegateway-1.12.787.jar:/home/majed/.m2/repository/com/amazonaws/aws-java-sdk-route53/1.12.787/aws-java-sdk-route53-1.12.787.jar:/home/majed/.m2/repository/com/amazonaws/aws-java-sdk-s3/1.12.787/aws-java-sdk-s3-1.12.787.jar:/home/majed/.m2/repository/com/amazonaws/aws-java-sdk-importexport/1.12.787/aws-java-sdk-importexport-1.12.787.jar:/home/majed/.m2/repository/com/amazonaws/aws-java-sdk-sts/1.12.787/aws-java-sdk-sts-1.12.787.jar:/home/majed/.m2/repository/com/amazonaws/aws-java-sdk-sqs/1.12.787/aws-java-sdk-sqs-1.12.787.jar:/home/majed/.m2/repository/com/amazonaws/aws-java-sdk-rds/1.12.787/aws-java-sdk-rds-1.12.787.jar:/home/majed/.m2/repository/com/amazonaws/aws-java-sdk-redshift/1.12.787/aws-java-sdk-redshift-1.12.787.jar:/home/majed/.m2/repository/com/amazonaws/aws-java-sdk-elasticbeanstalk/1.12.787/aws-java-sdk-elasticbeanstalk-1.12.787.jar:/home/majed/.m2/repository/com/amazonaws/aws-java-sdk-glacier/1.12.787/aws-java-sdk-glacier-1.12.787.jar:/home/majed/.m2/repository/com/amazonaws/aws-java-sdk-iam/1.12.787/aws-java-sdk-iam-1.12.787.jar:/home/majed/.m2/repository/com/amazonaws/aws-java-sdk-datapipeline/1.12.787/aws-java-sdk-datapipeline-1.12.787.jar:/home/majed/.m2/repository/com/amazonaws/aws-java-sdk-elasticloadbalancing/1.12.787/aws-java-sdk-elasticloadbalancing-1.12.787.jar:/home/majed/.m2/repository/com/amazonaws/aws-java-sdk-elasticloadbalancingv2/1.12.787/aws-java-sdk-elasticloadbalancingv2-1.12.787.jar:/home/majed/.m2/repository/com/amazonaws/aws-java-sdk-emr/1.12.787/aws-java-sdk-emr-1.12.787.jar:/home/majed/.m2/repository/com/amazonaws/aws-java-sdk-elasticache/1.12.787/aws-java-sdk-elasticache-1.12.787.jar:/home/majed/.m2/repository/com/amazonaws/aws-java-sdk-elastictranscoder/1.12.787/aws-java-sdk-elastictranscoder-1.12.787.jar:/home/majed/.m2/repository/com/amazonaws/aws-java-sdk-ec2/1.12.787/aws-java-sdk-ec2-1.12.787.jar:/home/majed/.m2/repository/com/amazonaws/aws-java-sdk-dynamodb/1.12.787/aws-java-sdk-dynamodb-1.12.787.jar:/home/majed/.m2/repository/com/amazonaws/aws-java-sdk-sns/1.12.787/aws-java-sdk-sns-1.12.787.jar:/home/majed/.m2/repository/com/amazonaws/aws-java-sdk-budgets/1.12.787/aws-java-sdk-budgets-1.12.787.jar:/home/majed/.m2/repository/com/amazonaws/aws-java-sdk-cloudtrail/1.12.787/aws-java-sdk-cloudtrail-1.12.787.jar:/home/majed/.m2/repository/com/amazonaws/aws-java-sdk-cloudwatch/1.12.787/aws-java-sdk-cloudwatch-1.12.787.jar:/home/majed/.m2/repository/com/amazonaws/aws-java-sdk-logs/1.12.787/aws-java-sdk-logs-1.12.787.jar:/home/majed/.m2/repository/com/amazonaws/aws-java-sdk-events/1.12.787/aws-java-sdk-events-1.12.787.jar:/home/majed/.m2/repository/com/amazonaws/aws-java-sdk-cognitoidentity/1.12.787/aws-java-sdk-cognitoidentity-1.12.787.jar:/home/majed/.m2/repository/com/amazonaws/aws-java-sdk-cognitosync/1.12.787/aws-java-sdk-cognitosync-1.12.787.jar:/home/majed/.m2/repository/com/amazonaws/aws-java-sdk-directconnect/1.12.787/aws-java-sdk-directconnect-1.12.787.jar:/home/majed/.m2/repository/com/amazonaws/aws-java-sdk-cloudformation/1.12.787/aws-java-sdk-cloudformation-1.12.787.jar:/home/majed/.m2/repository/com/amazonaws/aws-java-sdk-cloudfront/1.12.787/aws-java-sdk-cloudfront-1.12.787.jar:/home/majed/.m2/repository/com/amazonaws/aws-java-sdk-clouddirectory/1.12.787/aws-java-sdk-clouddirectory-1.12.787.jar:/home/majed/.m2/repository/com/amazonaws/aws-java-sdk-kinesis/1.12.787/aws-java-sdk-kinesis-1.12.787.jar:/home/majed/.m2/repository/com/amazonaws/aws-java-sdk-opsworks/1.12.787/aws-java-sdk-opsworks-1.12.787.jar:/home/majed/.m2/repository/com/amazonaws/aws-java-sdk-ses/1.12.787/aws-java-sdk-ses-1.12.787.jar:/home/majed/.m2/repository/com/amazonaws/aws-java-sdk-autoscaling/1.12.787/aws-java-sdk-autoscaling-1.12.787.jar:/home/majed/.m2/repository/com/amazonaws/aws-java-sdk-cloudsearch/1.12.787/aws-java-sdk-cloudsearch-1.12.787.jar:/home/majed/.m2/repository/com/amazonaws/aws-java-sdk-cloudwatchmetrics/1.12.787/aws-java-sdk-cloudwatchmetrics-1.12.787.jar:/home/majed/.m2/repository/com/amazonaws/aws-java-sdk-codedeploy/1.12.787/aws-java-sdk-codedeploy-1.12.787.jar:/home/majed/.m2/repository/com/amazonaws/aws-java-sdk-codepipeline/1.12.787/aws-java-sdk-codepipeline-1.12.787.jar:/home/majed/.m2/repository/com/amazonaws/aws-java-sdk-kms/1.12.787/aws-java-sdk-kms-1.12.787.jar:/home/majed/.m2/repository/com/amazonaws/aws-java-sdk-config/1.12.787/aws-java-sdk-config-1.12.787.jar:/home/majed/.m2/repository/com/amazonaws/aws-java-sdk-lambda/1.12.787/aws-java-sdk-lambda-1.12.787.jar:/home/majed/.m2/repository/com/amazonaws/aws-java-sdk-ecs/1.12.787/aws-java-sdk-ecs-1.12.787.jar:/home/majed/.m2/repository/com/amazonaws/aws-java-sdk-ecr/1.12.787/aws-java-sdk-ecr-1.12.787.jar:/home/majed/.m2/repository/com/amazonaws/aws-java-sdk-cloudhsm/1.12.787/aws-java-sdk-cloudhsm-1.12.787.jar:/home/majed/.m2/repository/com/amazonaws/aws-java-sdk-ssm/1.12.787/aws-java-sdk-ssm-1.12.787.jar:/home/majed/.m2/repository/com/amazonaws/aws-java-sdk-workspaces/1.12.787/aws-java-sdk-workspaces-1.12.787.jar:/home/majed/.m2/repository/com/amazonaws/aws-java-sdk-machinelearning/1.12.787/aws-java-sdk-machinelearning-1.12.787.jar:/home/majed/.m2/repository/com/amazonaws/aws-java-sdk-directory/1.12.787/aws-java-sdk-directory-1.12.787.jar:/home/majed/.m2/repository/com/amazonaws/aws-java-sdk-efs/1.12.787/aws-java-sdk-efs-1.12.787.jar:/home/majed/.m2/repository/com/amazonaws/aws-java-sdk-codecommit/1.12.787/aws-java-sdk-codecommit-1.12.787.jar:/home/majed/.m2/repository/com/amazonaws/aws-java-sdk-devicefarm/1.12.787/aws-java-sdk-devicefarm-1.12.787.jar:/home/majed/.m2/repository/com/amazonaws/aws-java-sdk-elasticsearch/1.12.787/aws-java-sdk-elasticsearch-1.12.787.jar:/home/majed/.m2/repository/com/amazonaws/aws-java-sdk-waf/1.12.787/aws-java-sdk-waf-1.12.787.jar:/home/majed/.m2/repository/com/amazonaws/aws-java-sdk-marketplacecommerceanalytics/1.12.787/aws-java-sdk-marketplacecommerceanalytics-1.12.787.jar:/home/majed/.m2/repository/com/amazonaws/aws-java-sdk-inspector/1.12.787/aws-java-sdk-inspector-1.12.787.jar:/home/majed/.m2/repository/com/amazonaws/aws-java-sdk-iot/1.12.787/aws-java-sdk-iot-1.12.787.jar:/home/majed/.m2/repository/com/amazonaws/aws-java-sdk-api-gateway/1.12.787/aws-java-sdk-api-gateway-1.12.787.jar:/home/majed/.m2/repository/com/amazonaws/aws-java-sdk-acm/1.12.787/aws-java-sdk-acm-1.12.787.jar:/home/majed/.m2/repository/com/amazonaws/aws-java-sdk-gamelift/1.12.787/aws-java-sdk-gamelift-1.12.787.jar:/home/majed/.m2/repository/com/amazonaws/aws-java-sdk-dms/1.12.787/aws-java-sdk-dms-1.12.787.jar:/home/majed/.m2/repository/com/amazonaws/aws-java-sdk-marketplacemeteringservice/1.12.787/aws-java-sdk-marketplacemeteringservice-1.12.787.jar:/home/majed/.m2/repository/com/amazonaws/aws-java-sdk-cognitoidp/1.12.787/aws-java-sdk-cognitoidp-1.12.787.jar:/home/majed/.m2/repository/com/amazonaws/aws-java-sdk-discovery/1.12.787/aws-java-sdk-discovery-1.12.787.jar:/home/majed/.m2/repository/com/amazonaws/aws-java-sdk-applicationautoscaling/1.12.787/aws-java-sdk-applicationautoscaling-1.12.787.jar:/home/majed/.m2/repository/com/amazonaws/aws-java-sdk-snowball/1.12.787/aws-java-sdk-snowball-1.12.787.jar:/home/majed/.m2/repository/com/amazonaws/aws-java-sdk-rekognition/1.12.787/aws-java-sdk-rekognition-1.12.787.jar:/home/majed/.m2/repository/com/amazonaws/aws-java-sdk-polly/1.12.787/aws-java-sdk-polly-1.12.787.jar:/home/majed/.m2/repository/com/amazonaws/aws-java-sdk-lightsail/1.12.787/aws-java-sdk-lightsail-1.12.787.jar:/home/majed/.m2/repository/com/amazonaws/aws-java-sdk-stepfunctions/1.12.787/aws-java-sdk-stepfunctions-1.12.787.jar:/home/majed/.m2/repository/com/amazonaws/aws-java-sdk-health/1.12.787/aws-java-sdk-health-1.12.787.jar:/home/majed/.m2/repository/com/amazonaws/aws-java-sdk-costandusagereport/1.12.787/aws-java-sdk-costandusagereport-1.12.787.jar:/home/majed/.m2/repository/com/amazonaws/aws-java-sdk-codebuild/1.12.787/aws-java-sdk-codebuild-1.12.787.jar:/home/majed/.m2/repository/com/amazonaws/aws-java-sdk-appstream/1.12.787/aws-java-sdk-appstream-1.12.787.jar:/home/majed/.m2/repository/com/amazonaws/aws-java-sdk-shield/1.12.787/aws-java-sdk-shield-1.12.787.jar:/home/majed/.m2/repository/com/amazonaws/aws-java-sdk-batch/1.12.787/aws-java-sdk-batch-1.12.787.jar:/home/majed/.m2/repository/com/amazonaws/aws-java-sdk-lex/1.12.787/aws-java-sdk-lex-1.12.787.jar:/home/majed/.m2/repository/com/amazonaws/aws-java-sdk-mechanicalturkrequester/1.12.787/aws-java-sdk-mechanicalturkrequester-1.12.787.jar:/home/majed/.m2/repository/com/amazonaws/aws-java-sdk-organizations/1.12.787/aws-java-sdk-organizations-1.12.787.jar:/home/majed/.m2/repository/com/amazonaws/aws-java-sdk-workdocs/1.12.787/aws-java-sdk-workdocs-1.12.787.jar:/home/majed/.m2/repository/com/amazonaws/aws-java-sdk-core/1.12.787/aws-java-sdk-core-1.12.787.jar:/home/majed/.m2/repository/commons-logging/commons-logging/1.1.3/commons-logging-1.1.3.jar:/home/majed/.m2/repository/commons-codec/commons-codec/1.18.0/commons-codec-1.18.0.jar:/home/majed/.m2/repository/com/fasterxml/jackson/dataformat/jackson-dataformat-cbor/2.19.1/jackson-dataformat-cbor-2.19.1.jar:/home/majed/.m2/repository/joda-time/joda-time/2.12.7/joda-time-2.12.7.jar:/home/majed/.m2/repository/com/amazonaws/aws-java-sdk-models/1.12.787/aws-java-sdk-models-1.12.787.jar:/home/majed/.m2/repository/com/amazonaws/aws-java-sdk-swf-libraries/1.11.22/aws-java-sdk-swf-libraries-1.11.22.jar:/home/majed/.m2/repository/org/springframework/boot/spring-boot-starter-websocket/3.5.3/spring-boot-starter-websocket-3.5.3.jar:/home/majed/.m2/repository/org/springframework/spring-messaging/6.2.8/spring-messaging-6.2.8.jar:/home/majed/.m2/repository/org/springframework/spring-websocket/6.2.8/spring-websocket-6.2.8.jar:/home/majed/.m2/repository/org/springframework/boot/spring-boot-starter-validation/3.5.3/spring-boot-starter-validation-3.5.3.jar:/home/majed/.m2/repository/org/apache/tomcat/embed/tomcat-embed-el/10.1.42/tomcat-embed-el-10.1.42.jar:/home/majed/.m2/repository/org/hibernate/validator/hibernate-validator/8.0.2.Final/hibernate-validator-8.0.2.Final.jar:/home/majed/.m2/repository/jakarta/validation/jakarta.validation-api/3.0.2/jakarta.validation-api-3.0.2.jar:/home/majed/.m2/repository/com/google/api-client/google-api-client/2.0.0/google-api-client-2.0.0.jar:/home/majed/.m2/repository/com/google/http-client/google-http-client-gson/1.42.1/google-http-client-gson-1.42.1.jar:/home/majed/.m2/repository/com/google/code/gson/gson/2.13.1/gson-2.13.1.jar:/home/majed/.m2/repository/com/google/guava/guava/31.1-jre/guava-31.1-jre.jar:/home/majed/.m2/repository/com/google/guava/failureaccess/1.0.1/failureaccess-1.0.1.jar:/home/majed/.m2/repository/com/google/guava/listenablefuture/9999.0-empty-to-avoid-conflict-with-guava/listenablefuture-9999.0-empty-to-avoid-conflict-with-guava.jar:/home/majed/.m2/repository/com/google/code/findbugs/jsr305/3.0.2/jsr305-3.0.2.jar:/home/majed/.m2/repository/com/google/errorprone/error_prone_annotations/2.11.0/error_prone_annotations-2.11.0.jar:/home/majed/.m2/repository/com/google/j2objc/j2objc-annotations/1.3/j2objc-annotations-1.3.jar:/home/majed/.m2/repository/com/google/http-client/google-http-client-apache-v2/1.42.1/google-http-client-apache-v2-1.42.1.jar:/home/majed/.m2/repository/org/apache/httpcomponents/httpcore/4.4.16/httpcore-4.4.16.jar:/home/majed/.m2/repository/org/apache/httpcomponents/httpclient/4.5.13/httpclient-4.5.13.jar:/home/majed/.m2/repository/com/google/http-client/google-http-client/1.42.1/google-http-client-1.42.1.jar:/home/majed/.m2/repository/io/opencensus/opencensus-api/0.31.1/opencensus-api-0.31.1.jar:/home/majed/.m2/repository/io/grpc/grpc-context/1.27.2/grpc-context-1.27.2.jar:/home/majed/.m2/repository/io/opencensus/opencensus-contrib-http-util/0.31.1/opencensus-contrib-http-util-0.31.1.jar:/home/majed/.m2/repository/com/google/oauth-client/google-oauth-client/1.36.0/google-oauth-client-1.36.0.jar:/home/majed/.m2/repository/com/google/apis/google-api-services-calendar/v3-rev20250404-2.0.0/google-api-services-calendar-v3-rev20250404-2.0.0.jar:/home/majed/.m2/repository/org/springframework/boot/spring-boot-starter-actuator/3.5.3/spring-boot-starter-actuator-3.5.3.jar:/home/majed/.m2/repository/org/springframework/boot/spring-boot-actuator-autoconfigure/3.5.3/spring-boot-actuator-autoconfigure-3.5.3.jar:/home/majed/.m2/repository/org/springframework/boot/spring-boot-actuator/3.5.3/spring-boot-actuator-3.5.3.jar:/home/majed/.m2/repository/io/micrometer/micrometer-observation/1.15.1/micrometer-observation-1.15.1.jar:/home/majed/.m2/repository/io/micrometer/micrometer-commons/1.15.1/micrometer-commons-1.15.1.jar:/home/majed/.m2/repository/io/micrometer/micrometer-jakarta9/1.15.1/micrometer-jakarta9-1.15.1.jar:/home/majed/.m2/repository/io/micrometer/micrometer-core/1.15.1/micrometer-core-1.15.1.jar:/home/majed/.m2/repository/org/hdrhistogram/HdrHistogram/2.2.2/HdrHistogram-2.2.2.jar:/home/majed/.m2/repository/org/latencyutils/LatencyUtils/2.0.3/LatencyUtils-2.0.3.jar:/home/majed/.m2/repository/org/junit/jupiter/junit-jupiter-api/5.13.1/junit-jupiter-api-5.13.1.jar:/home/majed/.m2/repository/org/opentest4j/opentest4j/1.3.0/opentest4j-1.3.0.jar:/home/majed/.m2/repository/org/junit/platform/junit-platform-commons/1.13.1/junit-platform-commons-1.13.1.jar:/home/majed/.m2/repository/org/apiguardian/apiguardian-api/1.1.2/apiguardian-api-1.1.2.jar:/home/majed/.m2/repository/org/junit/jupiter/junit-jupiter-engine/5.13.1/junit-jupiter-engine-5.13.1.jar:/home/majed/.m2/repository/org/junit/platform/junit-platform-engine/1.13.1/junit-platform-engine-1.13.1.jar:/home/majed/.m2/repository/org/mockito/mockito-core/5.18.0/mockito-core-5.18.0.jar:/home/majed/.m2/repository/net/bytebuddy/byte-buddy/1.17.6/byte-buddy-1.17.6.jar:/home/majed/.m2/repository/net/bytebuddy/byte-buddy-agent/1.17.6/byte-buddy-agent-1.17.6.jar:/home/majed/.m2/repository/org/objenesis/objenesis/3.3/objenesis-3.3.jar:/home/majed/.m2/repository/org/mockito/mockito-junit-jupiter/5.18.0/mockito-junit-jupiter-5.18.0.jar:"/>
    <property name="sun.cpu.endian" value="little"/>
    <property name="user.home" value="/home/majed"/>
    <property name="user.language" value="en"/>
    <property name="java.specification.vendor" value="Oracle Corporation"/>
    <property name="java.version.date" value="2025-04-15"/>
    <property name="java.home" value="/usr/lib/jvm/java-21-openjdk"/>
    <property name="file.separator" value="/"/>
    <property name="basedir" value="/home/majed/storage/legal-connect/backend/legalconnect"/>
    <property name="java.vm.compressedOopsMode" value="Zero based"/>
    <property name="line.separator" value="&#10;"/>
    <property name="java.specification.name" value="Java Platform API Specification"/>
    <property name="java.vm.specification.vendor" value="Oracle Corporation"/>
    <property name="surefire.real.class.path" value="/home/majed/storage/legal-connect/backend/legalconnect/target/surefire/surefirebooter-20250714231457531_3.jar"/>
    <property name="sun.management.compiler" value="HotSpot 64-Bit Tiered Compilers"/>
    <property name="java.runtime.version" value="21.0.7+6"/>
    <property name="user.name" value="majed"/>
    <property name="stdout.encoding" value="UTF-8"/>
    <property name="path.separator" value=":"/>
    <property name="os.version" value="6.15.3-200.fc42.x86_64"/>
    <property name="java.runtime.name" value="OpenJDK Runtime Environment"/>
    <property name="file.encoding" value="UTF-8"/>
    <property name="java.vm.name" value="OpenJDK 64-Bit Server VM"/>
    <property name="java.vendor.version" value="(Red_Hat-21.0.7.0.6-2)"/>
    <property name="localRepository" value="/home/majed/.m2/repository"/>
    <property name="java.vendor.url.bug" value="https://bugzilla.redhat.com/enter_bug.cgi?product=Fedora&amp;component=java-21-openjdk&amp;version=41"/>
    <property name="java.io.tmpdir" value="/tmp"/>
    <property name="java.version" value="21.0.7"/>
    <property name="user.dir" value="/home/majed/storage/legal-connect/backend/legalconnect"/>
    <property name="os.arch" value="amd64"/>
    <property name="java.vm.specification.name" value="Java Virtual Machine Specification"/>
    <property name="native.encoding" value="UTF-8"/>
    <property name="java.library.path" value="/usr/java/packages/lib:/usr/lib64:/lib64:/lib:/usr/lib"/>
    <property name="java.vm.info" value="mixed mode, sharing"/>
    <property name="stderr.encoding" value="UTF-8"/>
    <property name="java.vendor" value="Red Hat, Inc."/>
    <property name="java.vm.version" value="21.0.7+6"/>
    <property name="sun.io.unicode.encoding" value="UnicodeLittle"/>
    <property name="java.class.version" value="65.0"/>
  </properties>
  <testcase name="getAllUserCases_EmptyList_ReturnsEmptyResult" classname="com.javajedis.legalconnect.casemanagement.CaseManagementControllerTest" time="0.033">
    <system-out><![CDATA[2025-07-14 23:15:00 [main] &amp#27;[34mINFO &amp#27;[0;39m &amp#27;[36mc.j.l.c.CaseManagementController&amp#27;[0;39m - GET /case/ called with page=0, size=10, status=null, sortDirection=DESC
]]></system-out>
  </testcase>
  <testcase name="createCase_ValidationError_ReturnsBadRequest" classname="com.javajedis.legalconnect.casemanagement.CaseManagementControllerTest" time="0.001">
    <system-out><![CDATA[2025-07-14 23:15:00 [main] &amp#27;[34mINFO &amp#27;[0;39m &amp#27;[36mc.j.l.c.CaseManagementController&amp#27;[0;39m - POST /case/ called
]]></system-out>
  </testcase>
  <testcase name="updateCase_Success_ReturnsUpdatedCase" classname="com.javajedis.legalconnect.casemanagement.CaseManagementControllerTest" time="0.0">
    <system-out><![CDATA[2025-07-14 23:15:00 [main] &amp#27;[34mINFO &amp#27;[0;39m &amp#27;[36mc.j.l.c.CaseManagementController&amp#27;[0;39m - PUT /case/60fb757f-9360-4d58-9098-9834e2038ea2 called
]]></system-out>
  </testcase>
  <testcase name="getAllUserCases_DefaultParameters_ReturnsSuccess" classname="com.javajedis.legalconnect.casemanagement.CaseManagementControllerTest" time="0.0">
    <system-out><![CDATA[2025-07-14 23:15:00 [main] &amp#27;[34mINFO &amp#27;[0;39m &amp#27;[36mc.j.l.c.CaseManagementController&amp#27;[0;39m - GET /case/ called with page=0, size=10, status=null, sortDirection=DESC
]]></system-out>
  </testcase>
  <testcase name="updateCaseStatus_Unauthorized_ReturnsUnauthorized" classname="com.javajedis.legalconnect.casemanagement.CaseManagementControllerTest" time="0.0">
    <system-out><![CDATA[2025-07-14 23:15:00 [main] &amp#27;[34mINFO &amp#27;[0;39m &amp#27;[36mc.j.l.c.CaseManagementController&amp#27;[0;39m - PUT /case/300e6293-bcbc-4a3e-95c7-7c87399263a1/status called
]]></system-out>
  </testcase>
  <testcase name="createCase_Unauthorized_ReturnsUnauthorized" classname="com.javajedis.legalconnect.casemanagement.CaseManagementControllerTest" time="0.0">
    <system-out><![CDATA[2025-07-14 23:15:00 [main] &amp#27;[34mINFO &amp#27;[0;39m &amp#27;[36mc.j.l.c.CaseManagementController&amp#27;[0;39m - POST /case/ called
]]></system-out>
  </testcase>
  <testcase name="getAllUserCases_NullParameters_HandlesGracefully" classname="com.javajedis.legalconnect.casemanagement.CaseManagementControllerTest" time="0.0">
    <system-out><![CDATA[2025-07-14 23:15:00 [main] &amp#27;[34mINFO &amp#27;[0;39m &amp#27;[36mc.j.l.c.CaseManagementController&amp#27;[0;39m - GET /case/ called with page=0, size=10, status=null, sortDirection=DESC
]]></system-out>
  </testcase>
  <testcase name="createCase_ServiceException_ReturnsInternalServerError" classname="com.javajedis.legalconnect.casemanagement.CaseManagementControllerTest" time="0.001">
    <system-out><![CDATA[2025-07-14 23:15:00 [main] &amp#27;[34mINFO &amp#27;[0;39m &amp#27;[36mc.j.l.c.CaseManagementController&amp#27;[0;39m - POST /case/ called
]]></system-out>
  </testcase>
  <testcase name="getAllUserCases_WithStatusFilter_ReturnsFilteredCases" classname="com.javajedis.legalconnect.casemanagement.CaseManagementControllerTest" time="0.0">
    <system-out><![CDATA[2025-07-14 23:15:00 [main] &amp#27;[34mINFO &amp#27;[0;39m &amp#27;[36mc.j.l.c.CaseManagementController&amp#27;[0;39m - GET /case/ called with page=0, size=10, status=RESOLVED, sortDirection=DESC
]]></system-out>
  </testcase>
  <testcase name="getAllUserCases_Unauthorized_ReturnsUnauthorized" classname="com.javajedis.legalconnect.casemanagement.CaseManagementControllerTest" time="0.0">
    <system-out><![CDATA[2025-07-14 23:15:00 [main] &amp#27;[34mINFO &amp#27;[0;39m &amp#27;[36mc.j.l.c.CaseManagementController&amp#27;[0;39m - GET /case/ called with page=0, size=10, status=null, sortDirection=DESC
]]></system-out>
  </testcase>
  <testcase name="createCase_Success_ReturnsCreatedResponse" classname="com.javajedis.legalconnect.casemanagement.CaseManagementControllerTest" time="0.0">
    <system-out><![CDATA[2025-07-14 23:15:00 [main] &amp#27;[34mINFO &amp#27;[0;39m &amp#27;[36mc.j.l.c.CaseManagementController&amp#27;[0;39m - POST /case/ called
]]></system-out>
  </testcase>
  <testcase name="updateCaseStatus_NotFound_ReturnsNotFound" classname="com.javajedis.legalconnect.casemanagement.CaseManagementControllerTest" time="0.001">
    <system-out><![CDATA[2025-07-14 23:15:00 [main] &amp#27;[34mINFO &amp#27;[0;39m &amp#27;[36mc.j.l.c.CaseManagementController&amp#27;[0;39m - PUT /case/eee491e7-eeb5-473a-a463-a77085570a5a/status called
]]></system-out>
  </testcase>
  <testcase name="getCaseById_NotFound_ReturnsNotFound" classname="com.javajedis.legalconnect.casemanagement.CaseManagementControllerTest" time="0.001">
    <system-out><![CDATA[2025-07-14 23:15:00 [main] &amp#27;[34mINFO &amp#27;[0;39m &amp#27;[36mc.j.l.c.CaseManagementController&amp#27;[0;39m - GET /case/1a8fa0d1-238c-4915-afd1-236b4cd65a24 called
]]></system-out>
  </testcase>
  <testcase name="updateCase_NotFound_ReturnsNotFound" classname="com.javajedis.legalconnect.casemanagement.CaseManagementControllerTest" time="0.001">
    <system-out><![CDATA[2025-07-14 23:15:00 [main] &amp#27;[34mINFO &amp#27;[0;39m &amp#27;[36mc.j.l.c.CaseManagementController&amp#27;[0;39m - PUT /case/ad848652-f2a3-4902-b2a2-d390d0fb6d28 called
]]></system-out>
  </testcase>
  <testcase name="updateCase_Forbidden_ReturnsForbidden" classname="com.javajedis.legalconnect.casemanagement.CaseManagementControllerTest" time="0.0">
    <system-out><![CDATA[2025-07-14 23:15:00 [main] &amp#27;[34mINFO &amp#27;[0;39m &amp#27;[36mc.j.l.c.CaseManagementController&amp#27;[0;39m - PUT /case/bd529659-2c4c-48a1-bd7a-c211d70d02b8 called
]]></system-out>
  </testcase>
  <testcase name="updateCaseStatus_Success_ReturnsUpdatedCase" classname="com.javajedis.legalconnect.casemanagement.CaseManagementControllerTest" time="0.0">
    <system-out><![CDATA[2025-07-14 23:15:00 [main] &amp#27;[34mINFO &amp#27;[0;39m &amp#27;[36mc.j.l.c.CaseManagementController&amp#27;[0;39m - PUT /case/cb5e8831-7f53-46f3-b825-63f4b43d5067/status called
]]></system-out>
  </testcase>
  <testcase name="getAllUserCases_CustomPagination_ReturnsSuccess" classname="com.javajedis.legalconnect.casemanagement.CaseManagementControllerTest" time="0.001">
    <system-out><![CDATA[2025-07-14 23:15:00 [main] &amp#27;[34mINFO &amp#27;[0;39m &amp#27;[36mc.j.l.c.CaseManagementController&amp#27;[0;39m - GET /case/ called with page=2, size=5, status=null, sortDirection=ASC
]]></system-out>
  </testcase>
  <testcase name="createCase_EmptyDescription_ReturnsSuccess" classname="com.javajedis.legalconnect.casemanagement.CaseManagementControllerTest" time="0.001">
    <system-out><![CDATA[2025-07-14 23:15:00 [main] &amp#27;[34mINFO &amp#27;[0;39m &amp#27;[36mc.j.l.c.CaseManagementController&amp#27;[0;39m - POST /case/ called
]]></system-out>
  </testcase>
  <testcase name="getAllUserCases_LargePageSize_HandlesCorrectly" classname="com.javajedis.legalconnect.casemanagement.CaseManagementControllerTest" time="0.001">
    <system-out><![CDATA[2025-07-14 23:15:00 [main] &amp#27;[34mINFO &amp#27;[0;39m &amp#27;[36mc.j.l.c.CaseManagementController&amp#27;[0;39m - GET /case/ called with page=0, size=100, status=null, sortDirection=DESC
]]></system-out>
  </testcase>
  <testcase name="getCaseById_Success_ReturnsCase" classname="com.javajedis.legalconnect.casemanagement.CaseManagementControllerTest" time="0.001">
    <system-out><![CDATA[2025-07-14 23:15:00 [main] &amp#27;[34mINFO &amp#27;[0;39m &amp#27;[36mc.j.l.c.CaseManagementController&amp#27;[0;39m - GET /case/f8b2561c-ac47-4aec-8a60-2a7ec70abe46 called
]]></system-out>
  </testcase>
  <testcase name="getAllUserCases_AscendingSort_ReturnsSuccess" classname="com.javajedis.legalconnect.casemanagement.CaseManagementControllerTest" time="0.001">
    <system-out><![CDATA[2025-07-14 23:15:00 [main] &amp#27;[34mINFO &amp#27;[0;39m &amp#27;[36mc.j.l.c.CaseManagementController&amp#27;[0;39m - GET /case/ called with page=0, size=10, status=null, sortDirection=ASC
]]></system-out>
  </testcase>
  <testcase name="getCaseById_Forbidden_ReturnsForbidden" classname="com.javajedis.legalconnect.casemanagement.CaseManagementControllerTest" time="0.001">
    <system-out><![CDATA[2025-07-14 23:15:00 [main] &amp#27;[34mINFO &amp#27;[0;39m &amp#27;[36mc.j.l.c.CaseManagementController&amp#27;[0;39m - GET /case/c1548985-153b-40ad-aeb9-7b60e7f16a0e called
]]></system-out>
  </testcase>
</testsuite>